{"/Users/lawnknee/Desktop/express-jobly/app.js": {"path":"/Users/lawnknee/Desktop/express-jobly/app.js","statementMap":{"0":{"start":{"line":5,"column":16},"end":{"line":5,"column":34}},"1":{"start":{"line":6,"column":13},"end":{"line":6,"column":28}},"2":{"start":{"line":8,"column":26},"end":{"line":8,"column":51}},"3":{"start":{"line":10,"column":28},"end":{"line":10,"column":56}},"4":{"start":{"line":11,"column":19},"end":{"line":11,"column":43}},"5":{"start":{"line":12,"column":24},"end":{"line":12,"column":53}},"6":{"start":{"line":13,"column":20},"end":{"line":13,"column":45}},"7":{"start":{"line":14,"column":19},"end":{"line":14,"column":43}},"8":{"start":{"line":16,"column":15},"end":{"line":16,"column":32}},"9":{"start":{"line":18,"column":12},"end":{"line":18,"column":21}},"10":{"start":{"line":20,"column":0},"end":{"line":20,"column":16}},"11":{"start":{"line":21,"column":0},"end":{"line":21,"column":24}},"12":{"start":{"line":22,"column":0},"end":{"line":22,"column":24}},"13":{"start":{"line":23,"column":0},"end":{"line":23,"column":25}},"14":{"start":{"line":25,"column":0},"end":{"line":25,"column":29}},"15":{"start":{"line":26,"column":0},"end":{"line":26,"column":39}},"16":{"start":{"line":27,"column":0},"end":{"line":27,"column":31}},"17":{"start":{"line":28,"column":0},"end":{"line":28,"column":29}},"18":{"start":{"line":31,"column":0},"end":{"line":33,"column":3}},"19":{"start":{"line":32,"column":2},"end":{"line":32,"column":35}},"20":{"start":{"line":36,"column":0},"end":{"line":44,"column":3}},"21":{"start":{"line":37,"column":2},"end":{"line":37,"column":64}},"22":{"start":{"line":37,"column":39},"end":{"line":37,"column":64}},"23":{"start":{"line":38,"column":17},"end":{"line":38,"column":34}},"24":{"start":{"line":39,"column":18},"end":{"line":39,"column":29}},"25":{"start":{"line":41,"column":2},"end":{"line":43,"column":5}},"26":{"start":{"line":46,"column":0},"end":{"line":46,"column":21}}},"fnMap":{"0":{"name":"(anonymous_0)","decl":{"start":{"line":31,"column":8},"end":{"line":31,"column":9}},"loc":{"start":{"line":31,"column":34},"end":{"line":33,"column":1}},"line":31},"1":{"name":"(anonymous_1)","decl":{"start":{"line":36,"column":8},"end":{"line":36,"column":9}},"loc":{"start":{"line":36,"column":39},"end":{"line":44,"column":1}},"line":36}},"branchMap":{"0":{"loc":{"start":{"line":37,"column":2},"end":{"line":37,"column":64}},"type":"if","locations":[{"start":{"line":37,"column":2},"end":{"line":37,"column":64}},{"start":{"line":37,"column":2},"end":{"line":37,"column":64}}],"line":37},"1":{"loc":{"start":{"line":38,"column":17},"end":{"line":38,"column":34}},"type":"binary-expr","locations":[{"start":{"line":38,"column":17},"end":{"line":38,"column":27}},{"start":{"line":38,"column":31},"end":{"line":38,"column":34}}],"line":38}},"s":{"0":5,"1":5,"2":5,"3":5,"4":5,"5":5,"6":5,"7":5,"8":5,"9":5,"10":5,"11":5,"12":5,"13":5,"14":5,"15":5,"16":5,"17":5,"18":5,"19":2,"20":5,"21":54,"22":1,"23":54,"24":54,"25":54,"26":5},"f":{"0":2,"1":54},"b":{"0":[1,53],"1":[54,3]},"_coverageSchema":"1a1c01bbd47fc00a2c39e90264f33305004495a9","hash":"bbd8d91aeebcb46b980732f0785b5a53027391c0"}
,"/Users/lawnknee/Desktop/express-jobly/config.js": {"path":"/Users/lawnknee/Desktop/express-jobly/config.js","statementMap":{"0":{"start":{"line":5,"column":0},"end":{"line":5,"column":27}},"1":{"start":{"line":6,"column":0},"end":{"line":6,"column":18}},"2":{"start":{"line":8,"column":19},"end":{"line":8,"column":57}},"3":{"start":{"line":10,"column":13},"end":{"line":10,"column":38}},"4":{"start":{"line":14,"column":2},"end":{"line":16,"column":44}},"5":{"start":{"line":22,"column":27},"end":{"line":22,"column":67}},"6":{"start":{"line":24,"column":0},"end":{"line":24,"column":35}},"7":{"start":{"line":25,"column":0},"end":{"line":25,"column":46}},"8":{"start":{"line":26,"column":0},"end":{"line":26,"column":45}},"9":{"start":{"line":27,"column":0},"end":{"line":27,"column":61}},"10":{"start":{"line":28,"column":0},"end":{"line":28,"column":50}},"11":{"start":{"line":29,"column":0},"end":{"line":29,"column":19}},"12":{"start":{"line":31,"column":0},"end":{"line":36,"column":2}}},"fnMap":{"0":{"name":"getDatabaseUri","decl":{"start":{"line":13,"column":9},"end":{"line":13,"column":23}},"loc":{"start":{"line":13,"column":26},"end":{"line":17,"column":1}},"line":13}},"branchMap":{"0":{"loc":{"start":{"line":8,"column":19},"end":{"line":8,"column":57}},"type":"binary-expr","locations":[{"start":{"line":8,"column":19},"end":{"line":8,"column":41}},{"start":{"line":8,"column":45},"end":{"line":8,"column":57}}],"line":8},"1":{"loc":{"start":{"line":10,"column":13},"end":{"line":10,"column":38}},"type":"binary-expr","locations":[{"start":{"line":10,"column":13},"end":{"line":10,"column":30}},{"start":{"line":10,"column":34},"end":{"line":10,"column":38}}],"line":10},"2":{"loc":{"start":{"line":14,"column":9},"end":{"line":16,"column":43}},"type":"cond-expr","locations":[{"start":{"line":15,"column":8},"end":{"line":15,"column":20}},{"start":{"line":16,"column":8},"end":{"line":16,"column":43}}],"line":14},"3":{"loc":{"start":{"line":16,"column":8},"end":{"line":16,"column":43}},"type":"binary-expr","locations":[{"start":{"line":16,"column":8},"end":{"line":16,"column":32}},{"start":{"line":16,"column":36},"end":{"line":16,"column":43}}],"line":16},"4":{"loc":{"start":{"line":22,"column":27},"end":{"line":22,"column":67}},"type":"cond-expr","locations":[{"start":{"line":22,"column":61},"end":{"line":22,"column":62}},{"start":{"line":22,"column":65},"end":{"line":22,"column":67}}],"line":22}},"s":{"0":11,"1":11,"2":11,"3":11,"4":22,"5":11,"6":11,"7":11,"8":11,"9":11,"10":11,"11":11,"12":11},"f":{"0":22},"b":{"0":[11,10],"1":[11,10],"2":[19,3],"3":[3,1],"4":[10,1]},"_coverageSchema":"1a1c01bbd47fc00a2c39e90264f33305004495a9","hash":"9d13cf1e148e0fb092304e97bab6677b1e86ba89"}
,"/Users/lawnknee/Desktop/express-jobly/db.js": {"path":"/Users/lawnknee/Desktop/express-jobly/db.js","statementMap":{"0":{"start":{"line":5,"column":19},"end":{"line":5,"column":32}},"1":{"start":{"line":6,"column":27},"end":{"line":6,"column":46}},"2":{"start":{"line":8,"column":11},"end":{"line":10,"column":2}},"3":{"start":{"line":12,"column":0},"end":{"line":12,"column":13}},"4":{"start":{"line":14,"column":0},"end":{"line":14,"column":20}}},"fnMap":{},"branchMap":{},"s":{"0":8,"1":8,"2":8,"3":8,"4":8},"f":{},"b":{},"_coverageSchema":"1a1c01bbd47fc00a2c39e90264f33305004495a9","hash":"f828e508483083494685302cfda8160327f9855b"}
,"/Users/lawnknee/Desktop/express-jobly/expressError.js": {"path":"/Users/lawnknee/Desktop/express-jobly/expressError.js","statementMap":{"0":{"start":{"line":9,"column":4},"end":{"line":9,"column":12}},"1":{"start":{"line":10,"column":4},"end":{"line":10,"column":27}},"2":{"start":{"line":11,"column":4},"end":{"line":11,"column":25}},"3":{"start":{"line":19,"column":4},"end":{"line":19,"column":24}},"4":{"start":{"line":27,"column":4},"end":{"line":27,"column":24}},"5":{"start":{"line":35,"column":4},"end":{"line":35,"column":24}},"6":{"start":{"line":43,"column":4},"end":{"line":43,"column":24}},"7":{"start":{"line":47,"column":0},"end":{"line":53,"column":2}}},"fnMap":{"0":{"name":"(anonymous_0)","decl":{"start":{"line":8,"column":2},"end":{"line":8,"column":3}},"loc":{"start":{"line":8,"column":31},"end":{"line":12,"column":3}},"line":8},"1":{"name":"(anonymous_1)","decl":{"start":{"line":18,"column":2},"end":{"line":18,"column":3}},"loc":{"start":{"line":18,"column":37},"end":{"line":20,"column":3}},"line":18},"2":{"name":"(anonymous_2)","decl":{"start":{"line":26,"column":2},"end":{"line":26,"column":3}},"loc":{"start":{"line":26,"column":40},"end":{"line":28,"column":3}},"line":26},"3":{"name":"(anonymous_3)","decl":{"start":{"line":34,"column":2},"end":{"line":34,"column":3}},"loc":{"start":{"line":34,"column":23},"end":{"line":36,"column":3}},"line":34},"4":{"name":"(anonymous_4)","decl":{"start":{"line":42,"column":2},"end":{"line":42,"column":3}},"loc":{"start":{"line":42,"column":39},"end":{"line":44,"column":3}},"line":42}},"branchMap":{"0":{"loc":{"start":{"line":18,"column":14},"end":{"line":18,"column":35}},"type":"default-arg","locations":[{"start":{"line":18,"column":24},"end":{"line":18,"column":35}}],"line":18},"1":{"loc":{"start":{"line":26,"column":14},"end":{"line":26,"column":38}},"type":"default-arg","locations":[{"start":{"line":26,"column":24},"end":{"line":26,"column":38}}],"line":26},"2":{"loc":{"start":{"line":42,"column":14},"end":{"line":42,"column":37}},"type":"default-arg","locations":[{"start":{"line":42,"column":24},"end":{"line":42,"column":37}}],"line":42}},"s":{"0":70,"1":70,"2":70,"3":19,"4":15,"5":25,"6":11,"7":10},"f":{"0":70,"1":19,"2":15,"3":25,"4":11},"b":{"0":[2],"1":[11],"2":[11]},"_coverageSchema":"1a1c01bbd47fc00a2c39e90264f33305004495a9","hash":"5d0cf5e64f40be350d2fc66f9b58f87bf2c1ab49"}
,"/Users/lawnknee/Desktop/express-jobly/helpers/sql.js": {"path":"/Users/lawnknee/Desktop/express-jobly/helpers/sql.js","statementMap":{"0":{"start":{"line":1,"column":28},"end":{"line":1,"column":54}},"1":{"start":{"line":20,"column":15},"end":{"line":20,"column":40}},"2":{"start":{"line":21,"column":2},"end":{"line":21,"column":62}},"3":{"start":{"line":21,"column":25},"end":{"line":21,"column":62}},"4":{"start":{"line":24,"column":15},"end":{"line":26,"column":3}},"5":{"start":{"line":25,"column":22},"end":{"line":25,"column":68}},"6":{"start":{"line":28,"column":2},"end":{"line":31,"column":4}},"7":{"start":{"line":34,"column":0},"end":{"line":34,"column":41}}},"fnMap":{"0":{"name":"sqlForPartialUpdate","decl":{"start":{"line":19,"column":9},"end":{"line":19,"column":28}},"loc":{"start":{"line":19,"column":52},"end":{"line":32,"column":1}},"line":19},"1":{"name":"(anonymous_1)","decl":{"start":{"line":25,"column":4},"end":{"line":25,"column":5}},"loc":{"start":{"line":25,"column":22},"end":{"line":25,"column":68}},"line":25}},"branchMap":{"0":{"loc":{"start":{"line":21,"column":2},"end":{"line":21,"column":62}},"type":"if","locations":[{"start":{"line":21,"column":2},"end":{"line":21,"column":62}},{"start":{"line":21,"column":2},"end":{"line":21,"column":62}}],"line":21},"1":{"loc":{"start":{"line":25,"column":26},"end":{"line":25,"column":53}},"type":"binary-expr","locations":[{"start":{"line":25,"column":26},"end":{"line":25,"column":42}},{"start":{"line":25,"column":46},"end":{"line":25,"column":53}}],"line":25}},"s":{"0":9,"1":21,"2":21,"3":4,"4":17,"5":34,"6":17,"7":9},"f":{"0":21,"1":34},"b":{"0":[4,17],"1":[34,20]},"_coverageSchema":"1a1c01bbd47fc00a2c39e90264f33305004495a9","hash":"3e3c00f123f693a8ba1621e473488da84b50afc5"}
,"/Users/lawnknee/Desktop/express-jobly/helpers/tokens.js": {"path":"/Users/lawnknee/Desktop/express-jobly/helpers/tokens.js","statementMap":{"0":{"start":{"line":1,"column":12},"end":{"line":1,"column":35}},"1":{"start":{"line":2,"column":23},"end":{"line":2,"column":43}},"2":{"start":{"line":7,"column":2},"end":{"line":8,"column":58}},"3":{"start":{"line":10,"column":16},"end":{"line":13,"column":3}},"4":{"start":{"line":15,"column":2},"end":{"line":15,"column":39}},"5":{"start":{"line":18,"column":0},"end":{"line":18,"column":33}}},"fnMap":{"0":{"name":"createToken","decl":{"start":{"line":6,"column":9},"end":{"line":6,"column":20}},"loc":{"start":{"line":6,"column":27},"end":{"line":16,"column":1}},"line":6}},"branchMap":{"0":{"loc":{"start":{"line":12,"column":13},"end":{"line":12,"column":34}},"type":"binary-expr","locations":[{"start":{"line":12,"column":13},"end":{"line":12,"column":25}},{"start":{"line":12,"column":29},"end":{"line":12,"column":34}}],"line":12}},"s":{"0":6,"1":6,"2":15,"3":15,"4":15,"5":6},"f":{"0":15},"b":{"0":[15,9]},"_coverageSchema":"1a1c01bbd47fc00a2c39e90264f33305004495a9","hash":"8400a9e78ccd356b661056b51becfceeab1f388b"}
,"/Users/lawnknee/Desktop/express-jobly/middleware/auth.js": {"path":"/Users/lawnknee/Desktop/express-jobly/middleware/auth.js","statementMap":{"0":{"start":{"line":5,"column":12},"end":{"line":5,"column":35}},"1":{"start":{"line":6,"column":23},"end":{"line":6,"column":43}},"2":{"start":{"line":7,"column":46},"end":{"line":7,"column":72}},"3":{"start":{"line":18,"column":2},"end":{"line":27,"column":3}},"4":{"start":{"line":19,"column":23},"end":{"line":19,"column":63}},"5":{"start":{"line":20,"column":4},"end":{"line":23,"column":5}},"6":{"start":{"line":21,"column":20},"end":{"line":21,"column":64}},"7":{"start":{"line":22,"column":6},"end":{"line":22,"column":54}},"8":{"start":{"line":24,"column":4},"end":{"line":24,"column":18}},"9":{"start":{"line":26,"column":4},"end":{"line":26,"column":18}},"10":{"start":{"line":36,"column":2},"end":{"line":41,"column":3}},"11":{"start":{"line":37,"column":4},"end":{"line":37,"column":56}},"12":{"start":{"line":37,"column":26},"end":{"line":37,"column":56}},"13":{"start":{"line":38,"column":4},"end":{"line":38,"column":18}},"14":{"start":{"line":40,"column":4},"end":{"line":40,"column":21}},"15":{"start":{"line":50,"column":2},"end":{"line":50,"column":54}},"16":{"start":{"line":50,"column":24},"end":{"line":50,"column":54}},"17":{"start":{"line":52,"column":2},"end":{"line":52,"column":59}},"18":{"start":{"line":52,"column":32},"end":{"line":52,"column":59}},"19":{"start":{"line":54,"column":2},"end":{"line":54,"column":16}},"20":{"start":{"line":64,"column":2},"end":{"line":64,"column":54}},"21":{"start":{"line":64,"column":24},"end":{"line":64,"column":54}},"22":{"start":{"line":66,"column":15},"end":{"line":66,"column":30}},"23":{"start":{"line":67,"column":2},"end":{"line":69,"column":3}},"24":{"start":{"line":68,"column":4},"end":{"line":68,"column":31}},"25":{"start":{"line":71,"column":2},"end":{"line":71,"column":16}},"26":{"start":{"line":75,"column":0},"end":{"line":80,"column":2}}},"fnMap":{"0":{"name":"authenticateJWT","decl":{"start":{"line":17,"column":9},"end":{"line":17,"column":24}},"loc":{"start":{"line":17,"column":41},"end":{"line":28,"column":1}},"line":17},"1":{"name":"ensureLoggedIn","decl":{"start":{"line":35,"column":9},"end":{"line":35,"column":23}},"loc":{"start":{"line":35,"column":40},"end":{"line":42,"column":1}},"line":35},"2":{"name":"ensureIsAdmin","decl":{"start":{"line":49,"column":9},"end":{"line":49,"column":22}},"loc":{"start":{"line":49,"column":39},"end":{"line":55,"column":1}},"line":49},"3":{"name":"ensureIsAdminOrEndpointUser","decl":{"start":{"line":63,"column":9},"end":{"line":63,"column":36}},"loc":{"start":{"line":63,"column":53},"end":{"line":72,"column":1}},"line":63}},"branchMap":{"0":{"loc":{"start":{"line":19,"column":23},"end":{"line":19,"column":63}},"type":"binary-expr","locations":[{"start":{"line":19,"column":23},"end":{"line":19,"column":34}},{"start":{"line":19,"column":38},"end":{"line":19,"column":63}}],"line":19},"1":{"loc":{"start":{"line":20,"column":4},"end":{"line":23,"column":5}},"type":"if","locations":[{"start":{"line":20,"column":4},"end":{"line":23,"column":5}},{"start":{"line":20,"column":4},"end":{"line":23,"column":5}}],"line":20},"2":{"loc":{"start":{"line":37,"column":4},"end":{"line":37,"column":56}},"type":"if","locations":[{"start":{"line":37,"column":4},"end":{"line":37,"column":56}},{"start":{"line":37,"column":4},"end":{"line":37,"column":56}}],"line":37},"3":{"loc":{"start":{"line":50,"column":2},"end":{"line":50,"column":54}},"type":"if","locations":[{"start":{"line":50,"column":2},"end":{"line":50,"column":54}},{"start":{"line":50,"column":2},"end":{"line":50,"column":54}}],"line":50},"4":{"loc":{"start":{"line":52,"column":2},"end":{"line":52,"column":59}},"type":"if","locations":[{"start":{"line":52,"column":2},"end":{"line":52,"column":59}},{"start":{"line":52,"column":2},"end":{"line":52,"column":59}}],"line":52},"5":{"loc":{"start":{"line":64,"column":2},"end":{"line":64,"column":54}},"type":"if","locations":[{"start":{"line":64,"column":2},"end":{"line":64,"column":54}},{"start":{"line":64,"column":2},"end":{"line":64,"column":54}}],"line":64},"6":{"loc":{"start":{"line":67,"column":2},"end":{"line":69,"column":3}},"type":"if","locations":[{"start":{"line":67,"column":2},"end":{"line":69,"column":3}},{"start":{"line":67,"column":2},"end":{"line":69,"column":3}}],"line":67},"7":{"loc":{"start":{"line":67,"column":8},"end":{"line":67,"column":70}},"type":"binary-expr","locations":[{"start":{"line":67,"column":8},"end":{"line":67,"column":45}},{"start":{"line":67,"column":49},"end":{"line":67,"column":70}}],"line":67}},"s":{"0":6,"1":6,"2":6,"3":84,"4":84,"5":84,"6":53,"7":53,"8":83,"9":1,"10":6,"11":6,"12":2,"13":4,"14":2,"15":37,"16":6,"17":31,"18":8,"19":23,"20":19,"21":3,"22":16,"23":16,"24":3,"25":13,"26":6},"f":{"0":84,"1":6,"2":37,"3":19},"b":{"0":[84,83],"1":[53,31],"2":[2,4],"3":[6,31],"4":[8,23],"5":[3,16],"6":[3,13],"7":[16,11]},"_coverageSchema":"1a1c01bbd47fc00a2c39e90264f33305004495a9","hash":"a2e7c472a7c4a1fe791c163dfba775e9de4df12d"}
,"/Users/lawnknee/Desktop/express-jobly/models/_testCommon.js": {"path":"/Users/lawnknee/Desktop/express-jobly/models/_testCommon.js","statementMap":{"0":{"start":{"line":1,"column":15},"end":{"line":1,"column":32}},"1":{"start":{"line":3,"column":11},"end":{"line":3,"column":30}},"2":{"start":{"line":4,"column":31},"end":{"line":4,"column":51}},"3":{"start":{"line":6,"column":13},"end":{"line":6,"column":15}},"4":{"start":{"line":10,"column":2},"end":{"line":10,"column":42}},"5":{"start":{"line":12,"column":2},"end":{"line":12,"column":38}},"6":{"start":{"line":14,"column":2},"end":{"line":18,"column":55}},"7":{"start":{"line":20,"column":2},"end":{"line":32,"column":9}},"8":{"start":{"line":34,"column":15},"end":{"line":38,"column":16}},"9":{"start":{"line":40,"column":2},"end":{"line":40,"column":31}},"10":{"start":{"line":41,"column":2},"end":{"line":41,"column":31}},"11":{"start":{"line":45,"column":2},"end":{"line":45,"column":26}},"12":{"start":{"line":49,"column":2},"end":{"line":49,"column":29}},"13":{"start":{"line":53,"column":2},"end":{"line":53,"column":17}},"14":{"start":{"line":56,"column":0},"end":{"line":62,"column":2}}},"fnMap":{"0":{"name":"commonBeforeAll","decl":{"start":{"line":8,"column":15},"end":{"line":8,"column":30}},"loc":{"start":{"line":8,"column":33},"end":{"line":42,"column":1}},"line":8},"1":{"name":"commonBeforeEach","decl":{"start":{"line":44,"column":15},"end":{"line":44,"column":31}},"loc":{"start":{"line":44,"column":34},"end":{"line":46,"column":1}},"line":44},"2":{"name":"commonAfterEach","decl":{"start":{"line":48,"column":15},"end":{"line":48,"column":30}},"loc":{"start":{"line":48,"column":33},"end":{"line":50,"column":1}},"line":48},"3":{"name":"commonAfterAll","decl":{"start":{"line":52,"column":15},"end":{"line":52,"column":29}},"loc":{"start":{"line":52,"column":32},"end":{"line":54,"column":1}},"line":52}},"branchMap":{},"s":{"0":3,"1":3,"2":3,"3":3,"4":3,"5":3,"6":3,"7":3,"8":3,"9":3,"10":3,"11":44,"12":44,"13":3,"14":3},"f":{"0":3,"1":44,"2":44,"3":3},"b":{},"_coverageSchema":"1a1c01bbd47fc00a2c39e90264f33305004495a9","hash":"4624f3b0f24c89de09aabc4da75c4df4a17abf09"}
,"/Users/lawnknee/Desktop/express-jobly/models/company.js": {"path":"/Users/lawnknee/Desktop/express-jobly/models/company.js","statementMap":{"0":{"start":{"line":3,"column":11},"end":{"line":3,"column":27}},"1":{"start":{"line":4,"column":43},"end":{"line":4,"column":69}},"2":{"start":{"line":5,"column":32},"end":{"line":5,"column":57}},"3":{"start":{"line":20,"column":27},"end":{"line":25,"column":5}},"4":{"start":{"line":27,"column":4},"end":{"line":28,"column":64}},"5":{"start":{"line":28,"column":6},"end":{"line":28,"column":64}},"6":{"start":{"line":30,"column":19},"end":{"line":41,"column":5}},"7":{"start":{"line":42,"column":20},"end":{"line":42,"column":34}},"8":{"start":{"line":44,"column":4},"end":{"line":44,"column":19}},"9":{"start":{"line":59,"column":53},"end":{"line":59,"column":58}},"10":{"start":{"line":61,"column":30},"end":{"line":61,"column":99}},"11":{"start":{"line":63,"column":25},"end":{"line":73,"column":5}},"12":{"start":{"line":74,"column":4},"end":{"line":74,"column":29}},"13":{"start":{"line":91,"column":4},"end":{"line":95,"column":5}},"14":{"start":{"line":92,"column":6},"end":{"line":94,"column":8}},"15":{"start":{"line":97,"column":21},"end":{"line":97,"column":23}},"16":{"start":{"line":98,"column":17},"end":{"line":98,"column":19}},"17":{"start":{"line":100,"column":4},"end":{"line":103,"column":5}},"18":{"start":{"line":101,"column":6},"end":{"line":101,"column":62}},"19":{"start":{"line":102,"column":6},"end":{"line":102,"column":35}},"20":{"start":{"line":104,"column":4},"end":{"line":107,"column":5}},"21":{"start":{"line":105,"column":6},"end":{"line":105,"column":68}},"22":{"start":{"line":106,"column":6},"end":{"line":106,"column":32}},"23":{"start":{"line":108,"column":4},"end":{"line":111,"column":5}},"24":{"start":{"line":109,"column":6},"end":{"line":109,"column":68}},"25":{"start":{"line":110,"column":6},"end":{"line":110,"column":32}},"26":{"start":{"line":113,"column":16},"end":{"line":113,"column":80}},"27":{"start":{"line":115,"column":4},"end":{"line":115,"column":29}},"28":{"start":{"line":127,"column":23},"end":{"line":136,"column":5}},"29":{"start":{"line":138,"column":20},"end":{"line":138,"column":38}},"30":{"start":{"line":140,"column":4},"end":{"line":140,"column":67}},"31":{"start":{"line":140,"column":18},"end":{"line":140,"column":67}},"32":{"start":{"line":142,"column":4},"end":{"line":142,"column":19}},"33":{"start":{"line":158,"column":32},"end":{"line":161,"column":6}},"34":{"start":{"line":162,"column":25},"end":{"line":162,"column":50}},"35":{"start":{"line":164,"column":21},"end":{"line":168,"column":100}},"36":{"start":{"line":169,"column":19},"end":{"line":169,"column":64}},"37":{"start":{"line":170,"column":20},"end":{"line":170,"column":34}},"38":{"start":{"line":172,"column":4},"end":{"line":172,"column":67}},"39":{"start":{"line":172,"column":18},"end":{"line":172,"column":67}},"40":{"start":{"line":174,"column":4},"end":{"line":174,"column":19}},"41":{"start":{"line":183,"column":19},"end":{"line":189,"column":5}},"42":{"start":{"line":190,"column":20},"end":{"line":190,"column":34}},"43":{"start":{"line":192,"column":4},"end":{"line":192,"column":67}},"44":{"start":{"line":192,"column":18},"end":{"line":192,"column":67}},"45":{"start":{"line":196,"column":0},"end":{"line":196,"column":25}}},"fnMap":{"0":{"name":"(anonymous_0)","decl":{"start":{"line":19,"column":2},"end":{"line":19,"column":3}},"loc":{"start":{"line":19,"column":76},"end":{"line":45,"column":3}},"line":19},"1":{"name":"(anonymous_1)","decl":{"start":{"line":58,"column":2},"end":{"line":58,"column":3}},"loc":{"start":{"line":58,"column":35},"end":{"line":75,"column":3}},"line":58},"2":{"name":"(anonymous_2)","decl":{"start":{"line":88,"column":2},"end":{"line":88,"column":3}},"loc":{"start":{"line":88,"column":71},"end":{"line":116,"column":3}},"line":88},"3":{"name":"(anonymous_3)","decl":{"start":{"line":126,"column":2},"end":{"line":126,"column":3}},"loc":{"start":{"line":126,"column":27},"end":{"line":143,"column":3}},"line":126},"4":{"name":"(anonymous_4)","decl":{"start":{"line":157,"column":2},"end":{"line":157,"column":3}},"loc":{"start":{"line":157,"column":36},"end":{"line":175,"column":3}},"line":157},"5":{"name":"(anonymous_5)","decl":{"start":{"line":182,"column":2},"end":{"line":182,"column":3}},"loc":{"start":{"line":182,"column":30},"end":{"line":193,"column":3}},"line":182}},"branchMap":{"0":{"loc":{"start":{"line":27,"column":4},"end":{"line":28,"column":64}},"type":"if","locations":[{"start":{"line":27,"column":4},"end":{"line":28,"column":64}},{"start":{"line":27,"column":4},"end":{"line":28,"column":64}}],"line":27},"1":{"loc":{"start":{"line":58,"column":23},"end":{"line":58,"column":33}},"type":"default-arg","locations":[{"start":{"line":58,"column":31},"end":{"line":58,"column":33}}],"line":58},"2":{"loc":{"start":{"line":91,"column":4},"end":{"line":95,"column":5}},"type":"if","locations":[{"start":{"line":91,"column":4},"end":{"line":95,"column":5}},{"start":{"line":91,"column":4},"end":{"line":95,"column":5}}],"line":91},"3":{"loc":{"start":{"line":91,"column":8},"end":{"line":91,"column":71}},"type":"binary-expr","locations":[{"start":{"line":91,"column":9},"end":{"line":91,"column":21}},{"start":{"line":91,"column":25},"end":{"line":91,"column":37}},{"start":{"line":91,"column":43},"end":{"line":91,"column":70}}],"line":91},"4":{"loc":{"start":{"line":100,"column":4},"end":{"line":103,"column":5}},"type":"if","locations":[{"start":{"line":100,"column":4},"end":{"line":103,"column":5}},{"start":{"line":100,"column":4},"end":{"line":103,"column":5}}],"line":100},"5":{"loc":{"start":{"line":104,"column":4},"end":{"line":107,"column":5}},"type":"if","locations":[{"start":{"line":104,"column":4},"end":{"line":107,"column":5}},{"start":{"line":104,"column":4},"end":{"line":107,"column":5}}],"line":104},"6":{"loc":{"start":{"line":108,"column":4},"end":{"line":111,"column":5}},"type":"if","locations":[{"start":{"line":108,"column":4},"end":{"line":111,"column":5}},{"start":{"line":108,"column":4},"end":{"line":111,"column":5}}],"line":108},"7":{"loc":{"start":{"line":113,"column":16},"end":{"line":113,"column":80}},"type":"cond-expr","locations":[{"start":{"line":113,"column":40},"end":{"line":113,"column":75}},{"start":{"line":113,"column":78},"end":{"line":113,"column":80}}],"line":113},"8":{"loc":{"start":{"line":140,"column":4},"end":{"line":140,"column":67}},"type":"if","locations":[{"start":{"line":140,"column":4},"end":{"line":140,"column":67}},{"start":{"line":140,"column":4},"end":{"line":140,"column":67}}],"line":140},"9":{"loc":{"start":{"line":172,"column":4},"end":{"line":172,"column":67}},"type":"if","locations":[{"start":{"line":172,"column":4},"end":{"line":172,"column":67}},{"start":{"line":172,"column":4},"end":{"line":172,"column":67}}],"line":172},"10":{"loc":{"start":{"line":192,"column":4},"end":{"line":192,"column":67}},"type":"if","locations":[{"start":{"line":192,"column":4},"end":{"line":192,"column":67}},{"start":{"line":192,"column":4},"end":{"line":192,"column":67}}],"line":192}},"s":{"0":6,"1":6,"2":6,"3":16,"4":16,"5":1,"6":15,"7":15,"8":15,"9":7,"10":7,"11":6,"12":5,"13":7,"14":1,"15":6,"16":6,"17":6,"18":2,"19":2,"20":6,"21":2,"22":2,"23":6,"24":2,"25":2,"26":6,"27":6,"28":5,"29":5,"30":5,"31":2,"32":3,"33":6,"34":5,"35":5,"36":5,"37":5,"38":5,"39":2,"40":3,"41":4,"42":4,"43":4,"44":2,"45":6},"f":{"0":16,"1":7,"2":7,"3":5,"4":6,"5":4},"b":{"0":[1,15],"1":[1],"2":[1,6],"3":[7,3,3],"4":[2,4],"5":[2,4],"6":[2,4],"7":[3,3],"8":[2,3],"9":[2,3],"10":[2,2]},"_coverageSchema":"1a1c01bbd47fc00a2c39e90264f33305004495a9","hash":"b09ca0664e82dcf05901cb6e3001b6986dcbb585"}
,"/Users/lawnknee/Desktop/express-jobly/models/job.js": {"path":"/Users/lawnknee/Desktop/express-jobly/models/job.js","statementMap":{"0":{"start":{"line":3,"column":11},"end":{"line":3,"column":27}},"1":{"start":{"line":4,"column":26},"end":{"line":4,"column":52}},"2":{"start":{"line":5,"column":32},"end":{"line":5,"column":57}},"3":{"start":{"line":19,"column":19},"end":{"line":28,"column":5}},"4":{"start":{"line":30,"column":16},"end":{"line":30,"column":30}},"5":{"start":{"line":32,"column":4},"end":{"line":32,"column":15}},"6":{"start":{"line":47,"column":44},"end":{"line":47,"column":49}},"7":{"start":{"line":48,"column":30},"end":{"line":52,"column":6}},"8":{"start":{"line":54,"column":19},"end":{"line":63,"column":5}},"9":{"start":{"line":65,"column":4},"end":{"line":65,"column":23}},"10":{"start":{"line":81,"column":4},"end":{"line":83,"column":5}},"11":{"start":{"line":82,"column":6},"end":{"line":82,"column":16}},"12":{"start":{"line":85,"column":21},"end":{"line":85,"column":23}},"13":{"start":{"line":86,"column":17},"end":{"line":86,"column":19}},"14":{"start":{"line":88,"column":4},"end":{"line":91,"column":5}},"15":{"start":{"line":89,"column":6},"end":{"line":89,"column":63}},"16":{"start":{"line":90,"column":6},"end":{"line":90,"column":32}},"17":{"start":{"line":92,"column":4},"end":{"line":95,"column":5}},"18":{"start":{"line":93,"column":6},"end":{"line":93,"column":61}},"19":{"start":{"line":94,"column":6},"end":{"line":94,"column":29}},"20":{"start":{"line":96,"column":4},"end":{"line":99,"column":5}},"21":{"start":{"line":97,"column":6},"end":{"line":97,"column":60}},"22":{"start":{"line":98,"column":6},"end":{"line":98,"column":21}},"23":{"start":{"line":101,"column":16},"end":{"line":101,"column":51}},"24":{"start":{"line":103,"column":4},"end":{"line":103,"column":29}},"25":{"start":{"line":114,"column":19},"end":{"line":123,"column":5}},"26":{"start":{"line":125,"column":16},"end":{"line":125,"column":30}},"27":{"start":{"line":127,"column":4},"end":{"line":127,"column":55}},"28":{"start":{"line":127,"column":14},"end":{"line":127,"column":55}},"29":{"start":{"line":129,"column":4},"end":{"line":129,"column":15}},"30":{"start":{"line":145,"column":32},"end":{"line":147,"column":6}},"31":{"start":{"line":148,"column":21},"end":{"line":148,"column":46}},"32":{"start":{"line":150,"column":21},"end":{"line":158,"column":52}},"33":{"start":{"line":160,"column":19},"end":{"line":160,"column":60}},"34":{"start":{"line":161,"column":16},"end":{"line":161,"column":30}},"35":{"start":{"line":163,"column":4},"end":{"line":163,"column":55}},"36":{"start":{"line":163,"column":14},"end":{"line":163,"column":55}},"37":{"start":{"line":165,"column":4},"end":{"line":165,"column":15}},"38":{"start":{"line":174,"column":19},"end":{"line":180,"column":5}},"39":{"start":{"line":181,"column":16},"end":{"line":181,"column":30}},"40":{"start":{"line":183,"column":4},"end":{"line":183,"column":55}},"41":{"start":{"line":183,"column":14},"end":{"line":183,"column":55}},"42":{"start":{"line":188,"column":0},"end":{"line":188,"column":21}}},"fnMap":{"0":{"name":"(anonymous_0)","decl":{"start":{"line":18,"column":2},"end":{"line":18,"column":3}},"loc":{"start":{"line":18,"column":64},"end":{"line":33,"column":3}},"line":18},"1":{"name":"(anonymous_1)","decl":{"start":{"line":46,"column":2},"end":{"line":46,"column":3}},"loc":{"start":{"line":46,"column":35},"end":{"line":66,"column":3}},"line":46},"2":{"name":"(anonymous_2)","decl":{"start":{"line":80,"column":2},"end":{"line":80,"column":3}},"loc":{"start":{"line":80,"column":62},"end":{"line":104,"column":3}},"line":80},"3":{"name":"(anonymous_3)","decl":{"start":{"line":113,"column":2},"end":{"line":113,"column":3}},"loc":{"start":{"line":113,"column":23},"end":{"line":130,"column":3}},"line":113},"4":{"name":"(anonymous_4)","decl":{"start":{"line":144,"column":2},"end":{"line":144,"column":3}},"loc":{"start":{"line":144,"column":32},"end":{"line":166,"column":3}},"line":144},"5":{"name":"(anonymous_5)","decl":{"start":{"line":173,"column":2},"end":{"line":173,"column":3}},"loc":{"start":{"line":173,"column":26},"end":{"line":184,"column":3}},"line":173}},"branchMap":{"0":{"loc":{"start":{"line":46,"column":23},"end":{"line":46,"column":33}},"type":"default-arg","locations":[{"start":{"line":46,"column":31},"end":{"line":46,"column":33}}],"line":46},"1":{"loc":{"start":{"line":81,"column":4},"end":{"line":83,"column":5}},"type":"if","locations":[{"start":{"line":81,"column":4},"end":{"line":83,"column":5}},{"start":{"line":81,"column":4},"end":{"line":83,"column":5}}],"line":81},"2":{"loc":{"start":{"line":81,"column":8},"end":{"line":81,"column":42}},"type":"binary-expr","locations":[{"start":{"line":81,"column":8},"end":{"line":81,"column":14}},{"start":{"line":81,"column":18},"end":{"line":81,"column":28}},{"start":{"line":81,"column":32},"end":{"line":81,"column":42}}],"line":81},"3":{"loc":{"start":{"line":88,"column":4},"end":{"line":91,"column":5}},"type":"if","locations":[{"start":{"line":88,"column":4},"end":{"line":91,"column":5}},{"start":{"line":88,"column":4},"end":{"line":91,"column":5}}],"line":88},"4":{"loc":{"start":{"line":92,"column":4},"end":{"line":95,"column":5}},"type":"if","locations":[{"start":{"line":92,"column":4},"end":{"line":95,"column":5}},{"start":{"line":92,"column":4},"end":{"line":95,"column":5}}],"line":92},"5":{"loc":{"start":{"line":96,"column":4},"end":{"line":99,"column":5}},"type":"if","locations":[{"start":{"line":96,"column":4},"end":{"line":99,"column":5}},{"start":{"line":96,"column":4},"end":{"line":99,"column":5}}],"line":96},"6":{"loc":{"start":{"line":127,"column":4},"end":{"line":127,"column":55}},"type":"if","locations":[{"start":{"line":127,"column":4},"end":{"line":127,"column":55}},{"start":{"line":127,"column":4},"end":{"line":127,"column":55}}],"line":127},"7":{"loc":{"start":{"line":163,"column":4},"end":{"line":163,"column":55}},"type":"if","locations":[{"start":{"line":163,"column":4},"end":{"line":163,"column":55}},{"start":{"line":163,"column":4},"end":{"line":163,"column":55}}],"line":163},"8":{"loc":{"start":{"line":183,"column":4},"end":{"line":183,"column":55}},"type":"if","locations":[{"start":{"line":183,"column":4},"end":{"line":183,"column":55}},{"start":{"line":183,"column":4},"end":{"line":183,"column":55}}],"line":183}},"s":{"0":6,"1":6,"2":6,"3":10,"4":10,"5":10,"6":8,"7":8,"8":8,"9":7,"10":10,"11":3,"12":7,"13":7,"14":7,"15":5,"16":5,"17":7,"18":5,"19":5,"20":7,"21":5,"22":5,"23":7,"24":7,"25":5,"26":5,"27":5,"28":2,"29":3,"30":4,"31":3,"32":3,"33":3,"34":3,"35":3,"36":1,"37":2,"38":4,"39":4,"40":4,"41":2,"42":6},"f":{"0":10,"1":8,"2":10,"3":5,"4":4,"5":4},"b":{"0":[1],"1":[3,7],"2":[10,5,4],"3":[5,2],"4":[5,2],"5":[5,2],"6":[2,3],"7":[1,2],"8":[2,2]},"_coverageSchema":"1a1c01bbd47fc00a2c39e90264f33305004495a9","hash":"e07677d9db670341895989cb005231a164331ab4"}
,"/Users/lawnknee/Desktop/express-jobly/models/user.js": {"path":"/Users/lawnknee/Desktop/express-jobly/models/user.js","statementMap":{"0":{"start":{"line":3,"column":11},"end":{"line":3,"column":27}},"1":{"start":{"line":4,"column":15},"end":{"line":4,"column":32}},"2":{"start":{"line":5,"column":32},"end":{"line":5,"column":57}},"3":{"start":{"line":10,"column":4},"end":{"line":10,"column":30}},"4":{"start":{"line":12,"column":31},"end":{"line":12,"column":54}},"5":{"start":{"line":26,"column":19},"end":{"line":36,"column":5}},"6":{"start":{"line":38,"column":17},"end":{"line":38,"column":31}},"7":{"start":{"line":40,"column":4},"end":{"line":47,"column":5}},"8":{"start":{"line":42,"column":22},"end":{"line":42,"column":67}},"9":{"start":{"line":43,"column":6},"end":{"line":46,"column":7}},"10":{"start":{"line":44,"column":8},"end":{"line":44,"column":29}},"11":{"start":{"line":45,"column":8},"end":{"line":45,"column":20}},"12":{"start":{"line":49,"column":4},"end":{"line":49,"column":61}},"13":{"start":{"line":61,"column":27},"end":{"line":66,"column":5}},"14":{"start":{"line":68,"column":4},"end":{"line":70,"column":5}},"15":{"start":{"line":69,"column":6},"end":{"line":69,"column":67}},"16":{"start":{"line":72,"column":27},"end":{"line":72,"column":74}},"17":{"start":{"line":74,"column":19},"end":{"line":92,"column":5}},"18":{"start":{"line":94,"column":17},"end":{"line":94,"column":31}},"19":{"start":{"line":96,"column":4},"end":{"line":96,"column":16}},"20":{"start":{"line":105,"column":19},"end":{"line":113,"column":5}},"21":{"start":{"line":115,"column":4},"end":{"line":115,"column":23}},"22":{"start":{"line":127,"column":20},"end":{"line":136,"column":5}},"23":{"start":{"line":138,"column":17},"end":{"line":138,"column":32}},"24":{"start":{"line":140,"column":4},"end":{"line":140,"column":63}},"25":{"start":{"line":140,"column":15},"end":{"line":140,"column":63}},"26":{"start":{"line":142,"column":4},"end":{"line":142,"column":16}},"27":{"start":{"line":163,"column":4},"end":{"line":165,"column":5}},"28":{"start":{"line":164,"column":6},"end":{"line":164,"column":75}},"29":{"start":{"line":167,"column":32},"end":{"line":173,"column":10}},"30":{"start":{"line":174,"column":27},"end":{"line":174,"column":52}},"31":{"start":{"line":176,"column":21},"end":{"line":183,"column":54}},"32":{"start":{"line":184,"column":19},"end":{"line":184,"column":66}},"33":{"start":{"line":185,"column":17},"end":{"line":185,"column":31}},"34":{"start":{"line":187,"column":4},"end":{"line":187,"column":63}},"35":{"start":{"line":187,"column":15},"end":{"line":187,"column":63}},"36":{"start":{"line":189,"column":4},"end":{"line":189,"column":25}},"37":{"start":{"line":190,"column":4},"end":{"line":190,"column":16}},"38":{"start":{"line":196,"column":17},"end":{"line":202,"column":5}},"39":{"start":{"line":203,"column":17},"end":{"line":203,"column":31}},"40":{"start":{"line":205,"column":4},"end":{"line":205,"column":63}},"41":{"start":{"line":205,"column":15},"end":{"line":205,"column":63}},"42":{"start":{"line":210,"column":0},"end":{"line":210,"column":22}}},"fnMap":{"0":{"name":"(anonymous_0)","decl":{"start":{"line":24,"column":2},"end":{"line":24,"column":3}},"loc":{"start":{"line":24,"column":48},"end":{"line":50,"column":3}},"line":24},"1":{"name":"(anonymous_1)","decl":{"start":{"line":59,"column":2},"end":{"line":59,"column":3}},"loc":{"start":{"line":60,"column":67},"end":{"line":97,"column":3}},"line":60},"2":{"name":"(anonymous_2)","decl":{"start":{"line":104,"column":2},"end":{"line":104,"column":3}},"loc":{"start":{"line":104,"column":25},"end":{"line":116,"column":3}},"line":104},"3":{"name":"(anonymous_3)","decl":{"start":{"line":126,"column":2},"end":{"line":126,"column":3}},"loc":{"start":{"line":126,"column":29},"end":{"line":143,"column":3}},"line":126},"4":{"name":"(anonymous_4)","decl":{"start":{"line":162,"column":2},"end":{"line":162,"column":3}},"loc":{"start":{"line":162,"column":38},"end":{"line":191,"column":3}},"line":162},"5":{"name":"(anonymous_5)","decl":{"start":{"line":195,"column":2},"end":{"line":195,"column":3}},"loc":{"start":{"line":195,"column":32},"end":{"line":206,"column":3}},"line":195}},"branchMap":{"0":{"loc":{"start":{"line":40,"column":4},"end":{"line":47,"column":5}},"type":"if","locations":[{"start":{"line":40,"column":4},"end":{"line":47,"column":5}},{"start":{"line":40,"column":4},"end":{"line":47,"column":5}}],"line":40},"1":{"loc":{"start":{"line":43,"column":6},"end":{"line":46,"column":7}},"type":"if","locations":[{"start":{"line":43,"column":6},"end":{"line":46,"column":7}},{"start":{"line":43,"column":6},"end":{"line":46,"column":7}}],"line":43},"2":{"loc":{"start":{"line":68,"column":4},"end":{"line":70,"column":5}},"type":"if","locations":[{"start":{"line":68,"column":4},"end":{"line":70,"column":5}},{"start":{"line":68,"column":4},"end":{"line":70,"column":5}}],"line":68},"3":{"loc":{"start":{"line":140,"column":4},"end":{"line":140,"column":63}},"type":"if","locations":[{"start":{"line":140,"column":4},"end":{"line":140,"column":63}},{"start":{"line":140,"column":4},"end":{"line":140,"column":63}}],"line":140},"4":{"loc":{"start":{"line":163,"column":4},"end":{"line":165,"column":5}},"type":"if","locations":[{"start":{"line":163,"column":4},"end":{"line":165,"column":5}},{"start":{"line":163,"column":4},"end":{"line":165,"column":5}}],"line":163},"5":{"loc":{"start":{"line":187,"column":4},"end":{"line":187,"column":63}},"type":"if","locations":[{"start":{"line":187,"column":4},"end":{"line":187,"column":63}},{"start":{"line":187,"column":4},"end":{"line":187,"column":63}}],"line":187},"6":{"loc":{"start":{"line":205,"column":4},"end":{"line":205,"column":63}},"type":"if","locations":[{"start":{"line":205,"column":4},"end":{"line":205,"column":63}},{"start":{"line":205,"column":4},"end":{"line":205,"column":63}}],"line":205}},"s":{"0":6,"1":6,"2":6,"3":6,"4":6,"5":8,"6":8,"7":8,"8":5,"9":5,"10":4,"11":4,"12":4,"13":19,"14":19,"15":1,"16":18,"17":18,"18":18,"19":18,"20":3,"21":2,"22":5,"23":5,"24":5,"25":2,"26":3,"27":9,"28":3,"29":9,"30":8,"31":8,"32":8,"33":8,"34":8,"35":2,"36":6,"37":6,"38":5,"39":5,"40":5,"41":2,"42":6},"f":{"0":8,"1":19,"2":3,"3":5,"4":9,"5":5},"b":{"0":[5,3],"1":[4,1],"2":[1,18],"3":[2,3],"4":[3,6],"5":[2,6],"6":[2,3]},"_coverageSchema":"1a1c01bbd47fc00a2c39e90264f33305004495a9","hash":"961a3dadf7e08b1e7ec4d68baa43345e33f7ef53"}
,"/Users/lawnknee/Desktop/express-jobly/routes/_testCommon.js": {"path":"/Users/lawnknee/Desktop/express-jobly/routes/_testCommon.js","statementMap":{"0":{"start":{"line":3,"column":11},"end":{"line":3,"column":30}},"1":{"start":{"line":4,"column":13},"end":{"line":4,"column":38}},"2":{"start":{"line":5,"column":16},"end":{"line":5,"column":44}},"3":{"start":{"line":6,"column":24},"end":{"line":6,"column":52}},"4":{"start":{"line":7,"column":12},"end":{"line":7,"column":39}},"5":{"start":{"line":9,"column":13},"end":{"line":9,"column":15}},"6":{"start":{"line":13,"column":2},"end":{"line":13,"column":38}},"7":{"start":{"line":15,"column":2},"end":{"line":15,"column":42}},"8":{"start":{"line":17,"column":2},"end":{"line":23,"column":5}},"9":{"start":{"line":24,"column":2},"end":{"line":30,"column":5}},"10":{"start":{"line":31,"column":2},"end":{"line":37,"column":5}},"11":{"start":{"line":39,"column":2},"end":{"line":46,"column":5}},"12":{"start":{"line":47,"column":2},"end":{"line":54,"column":5}},"13":{"start":{"line":55,"column":2},"end":{"line":62,"column":5}},"14":{"start":{"line":63,"column":13},"end":{"line":68,"column":4}},"15":{"start":{"line":69,"column":2},"end":{"line":69,"column":23}},"16":{"start":{"line":71,"column":2},"end":{"line":76,"column":5}},"17":{"start":{"line":77,"column":2},"end":{"line":77,"column":23}},"18":{"start":{"line":81,"column":2},"end":{"line":81,"column":26}},"19":{"start":{"line":85,"column":2},"end":{"line":85,"column":29}},"20":{"start":{"line":89,"column":2},"end":{"line":89,"column":17}},"21":{"start":{"line":92,"column":16},"end":{"line":92,"column":63}},"22":{"start":{"line":93,"column":19},"end":{"line":93,"column":68}},"23":{"start":{"line":95,"column":0},"end":{"line":103,"column":2}}},"fnMap":{"0":{"name":"commonBeforeAll","decl":{"start":{"line":11,"column":15},"end":{"line":11,"column":30}},"loc":{"start":{"line":11,"column":33},"end":{"line":78,"column":1}},"line":11},"1":{"name":"commonBeforeEach","decl":{"start":{"line":80,"column":15},"end":{"line":80,"column":31}},"loc":{"start":{"line":80,"column":34},"end":{"line":82,"column":1}},"line":80},"2":{"name":"commonAfterEach","decl":{"start":{"line":84,"column":15},"end":{"line":84,"column":30}},"loc":{"start":{"line":84,"column":33},"end":{"line":86,"column":1}},"line":84},"3":{"name":"commonAfterAll","decl":{"start":{"line":88,"column":15},"end":{"line":88,"column":29}},"loc":{"start":{"line":88,"column":32},"end":{"line":90,"column":1}},"line":88}},"branchMap":{},"s":{"0":4,"1":4,"2":4,"3":4,"4":4,"5":4,"6":4,"7":4,"8":4,"9":4,"10":4,"11":4,"12":4,"13":4,"14":4,"15":4,"16":4,"17":4,"18":79,"19":79,"20":4,"21":4,"22":4,"23":4},"f":{"0":4,"1":79,"2":79,"3":4},"b":{},"_coverageSchema":"1a1c01bbd47fc00a2c39e90264f33305004495a9","hash":"1b2de88fbe8d8b61f6081c8e83c39b8b5124669b"}
,"/Users/lawnknee/Desktop/express-jobly/routes/auth.js": {"path":"/Users/lawnknee/Desktop/express-jobly/routes/auth.js","statementMap":{"0":{"start":{"line":5,"column":19},"end":{"line":5,"column":40}},"1":{"start":{"line":7,"column":13},"end":{"line":7,"column":38}},"2":{"start":{"line":8,"column":16},"end":{"line":8,"column":34}},"3":{"start":{"line":9,"column":15},"end":{"line":9,"column":35}},"4":{"start":{"line":10,"column":24},"end":{"line":10,"column":52}},"5":{"start":{"line":11,"column":23},"end":{"line":11,"column":58}},"6":{"start":{"line":12,"column":27},"end":{"line":12,"column":66}},"7":{"start":{"line":13,"column":28},"end":{"line":13,"column":54}},"8":{"start":{"line":22,"column":0},"end":{"line":34,"column":3}},"9":{"start":{"line":23,"column":2},"end":{"line":23,"column":24}},"10":{"start":{"line":24,"column":20},"end":{"line":24,"column":65}},"11":{"start":{"line":25,"column":2},"end":{"line":28,"column":3}},"12":{"start":{"line":26,"column":17},"end":{"line":26,"column":51}},"13":{"start":{"line":26,"column":43},"end":{"line":26,"column":50}},"14":{"start":{"line":27,"column":4},"end":{"line":27,"column":36}},"15":{"start":{"line":30,"column":33},"end":{"line":30,"column":41}},"16":{"start":{"line":31,"column":15},"end":{"line":31,"column":58}},"17":{"start":{"line":32,"column":16},"end":{"line":32,"column":33}},"18":{"start":{"line":33,"column":2},"end":{"line":33,"column":29}},"19":{"start":{"line":46,"column":0},"end":{"line":56,"column":3}},"20":{"start":{"line":47,"column":20},"end":{"line":47,"column":69}},"21":{"start":{"line":48,"column":2},"end":{"line":51,"column":3}},"22":{"start":{"line":49,"column":17},"end":{"line":49,"column":51}},"23":{"start":{"line":49,"column":43},"end":{"line":49,"column":50}},"24":{"start":{"line":50,"column":4},"end":{"line":50,"column":36}},"25":{"start":{"line":53,"column":18},"end":{"line":53,"column":70}},"26":{"start":{"line":54,"column":16},"end":{"line":54,"column":36}},"27":{"start":{"line":55,"column":2},"end":{"line":55,"column":41}},"28":{"start":{"line":59,"column":0},"end":{"line":59,"column":24}}},"fnMap":{"0":{"name":"(anonymous_0)","decl":{"start":{"line":22,"column":22},"end":{"line":22,"column":23}},"loc":{"start":{"line":22,"column":54},"end":{"line":34,"column":1}},"line":22},"1":{"name":"(anonymous_1)","decl":{"start":{"line":26,"column":38},"end":{"line":26,"column":39}},"loc":{"start":{"line":26,"column":43},"end":{"line":26,"column":50}},"line":26},"2":{"name":"(anonymous_2)","decl":{"start":{"line":46,"column":25},"end":{"line":46,"column":26}},"loc":{"start":{"line":46,"column":57},"end":{"line":56,"column":1}},"line":46},"3":{"name":"(anonymous_3)","decl":{"start":{"line":49,"column":38},"end":{"line":49,"column":39}},"loc":{"start":{"line":49,"column":43},"end":{"line":49,"column":50}},"line":49}},"branchMap":{"0":{"loc":{"start":{"line":25,"column":2},"end":{"line":28,"column":3}},"type":"if","locations":[{"start":{"line":25,"column":2},"end":{"line":28,"column":3}},{"start":{"line":25,"column":2},"end":{"line":28,"column":3}}],"line":25},"1":{"loc":{"start":{"line":48,"column":2},"end":{"line":51,"column":3}},"type":"if","locations":[{"start":{"line":48,"column":2},"end":{"line":51,"column":3}},{"start":{"line":48,"column":2},"end":{"line":51,"column":3}}],"line":48}},"s":{"0":5,"1":5,"2":5,"3":5,"4":5,"5":5,"6":5,"7":5,"8":5,"9":5,"10":5,"11":5,"12":2,"13":2,"14":2,"15":3,"16":3,"17":1,"18":1,"19":5,"20":3,"21":3,"22":2,"23":5,"24":2,"25":1,"26":1,"27":1,"28":5},"f":{"0":5,"1":2,"2":3,"3":5},"b":{"0":[2,3],"1":[2,1]},"_coverageSchema":"1a1c01bbd47fc00a2c39e90264f33305004495a9","hash":"5c9a1b318dec575b48307ff78ba0648edbde6d49"}
,"/Users/lawnknee/Desktop/express-jobly/routes/companies.js": {"path":"/Users/lawnknee/Desktop/express-jobly/routes/companies.js","statementMap":{"0":{"start":{"line":5,"column":19},"end":{"line":5,"column":40}},"1":{"start":{"line":6,"column":16},"end":{"line":6,"column":34}},"2":{"start":{"line":8,"column":28},"end":{"line":8,"column":54}},"3":{"start":{"line":9,"column":42},"end":{"line":9,"column":71}},"4":{"start":{"line":10,"column":16},"end":{"line":10,"column":44}},"5":{"start":{"line":12,"column":25},"end":{"line":12,"column":62}},"6":{"start":{"line":13,"column":28},"end":{"line":13,"column":68}},"7":{"start":{"line":14,"column":31},"end":{"line":14,"column":74}},"8":{"start":{"line":16,"column":15},"end":{"line":16,"column":35}},"9":{"start":{"line":27,"column":0},"end":{"line":40,"column":2}},"10":{"start":{"line":31,"column":22},"end":{"line":31,"column":69}},"11":{"start":{"line":32,"column":4},"end":{"line":35,"column":5}},"12":{"start":{"line":33,"column":19},"end":{"line":33,"column":55}},"13":{"start":{"line":33,"column":47},"end":{"line":33,"column":54}},"14":{"start":{"line":34,"column":6},"end":{"line":34,"column":38}},"15":{"start":{"line":37,"column":20},"end":{"line":37,"column":50}},"16":{"start":{"line":38,"column":4},"end":{"line":38,"column":45}},"17":{"start":{"line":53,"column":0},"end":{"line":73,"column":3}},"18":{"start":{"line":54,"column":16},"end":{"line":54,"column":25}},"19":{"start":{"line":56,"column":2},"end":{"line":58,"column":3}},"20":{"start":{"line":57,"column":4},"end":{"line":57,"column":52}},"21":{"start":{"line":60,"column":2},"end":{"line":62,"column":3}},"22":{"start":{"line":61,"column":4},"end":{"line":61,"column":52}},"23":{"start":{"line":64,"column":17},"end":{"line":64,"column":67}},"24":{"start":{"line":66,"column":2},"end":{"line":69,"column":3}},"25":{"start":{"line":67,"column":15},"end":{"line":67,"column":52}},"26":{"start":{"line":67,"column":42},"end":{"line":67,"column":51}},"27":{"start":{"line":68,"column":4},"end":{"line":68,"column":36}},"28":{"start":{"line":71,"column":20},"end":{"line":71,"column":48}},"29":{"start":{"line":72,"column":2},"end":{"line":72,"column":33}},"30":{"start":{"line":83,"column":0},"end":{"line":86,"column":3}},"31":{"start":{"line":84,"column":18},"end":{"line":84,"column":54}},"32":{"start":{"line":85,"column":2},"end":{"line":85,"column":31}},"33":{"start":{"line":99,"column":0},"end":{"line":112,"column":2}},"34":{"start":{"line":103,"column":22},"end":{"line":103,"column":72}},"35":{"start":{"line":104,"column":4},"end":{"line":107,"column":5}},"36":{"start":{"line":105,"column":19},"end":{"line":105,"column":55}},"37":{"start":{"line":105,"column":47},"end":{"line":105,"column":54}},"38":{"start":{"line":106,"column":6},"end":{"line":106,"column":38}},"39":{"start":{"line":109,"column":20},"end":{"line":109,"column":69}},"40":{"start":{"line":110,"column":4},"end":{"line":110,"column":33}},"41":{"start":{"line":119,"column":0},"end":{"line":126,"column":2}},"42":{"start":{"line":123,"column":4},"end":{"line":123,"column":44}},"43":{"start":{"line":124,"column":4},"end":{"line":124,"column":52}},"44":{"start":{"line":128,"column":0},"end":{"line":128,"column":24}}},"fnMap":{"0":{"name":"(anonymous_0)","decl":{"start":{"line":30,"column":2},"end":{"line":30,"column":3}},"loc":{"start":{"line":30,"column":34},"end":{"line":39,"column":3}},"line":30},"1":{"name":"(anonymous_1)","decl":{"start":{"line":33,"column":40},"end":{"line":33,"column":41}},"loc":{"start":{"line":33,"column":47},"end":{"line":33,"column":54}},"line":33},"2":{"name":"(anonymous_2)","decl":{"start":{"line":53,"column":16},"end":{"line":53,"column":17}},"loc":{"start":{"line":53,"column":48},"end":{"line":73,"column":1}},"line":53},"3":{"name":"(anonymous_3)","decl":{"start":{"line":67,"column":33},"end":{"line":67,"column":34}},"loc":{"start":{"line":67,"column":42},"end":{"line":67,"column":51}},"line":67},"4":{"name":"(anonymous_4)","decl":{"start":{"line":83,"column":23},"end":{"line":83,"column":24}},"loc":{"start":{"line":83,"column":55},"end":{"line":86,"column":1}},"line":83},"5":{"name":"(anonymous_5)","decl":{"start":{"line":102,"column":2},"end":{"line":102,"column":3}},"loc":{"start":{"line":102,"column":34},"end":{"line":111,"column":3}},"line":102},"6":{"name":"(anonymous_6)","decl":{"start":{"line":105,"column":40},"end":{"line":105,"column":41}},"loc":{"start":{"line":105,"column":47},"end":{"line":105,"column":54}},"line":105},"7":{"name":"(anonymous_7)","decl":{"start":{"line":122,"column":2},"end":{"line":122,"column":3}},"loc":{"start":{"line":122,"column":34},"end":{"line":125,"column":3}},"line":122}},"branchMap":{"0":{"loc":{"start":{"line":32,"column":4},"end":{"line":35,"column":5}},"type":"if","locations":[{"start":{"line":32,"column":4},"end":{"line":35,"column":5}},{"start":{"line":32,"column":4},"end":{"line":35,"column":5}}],"line":32},"1":{"loc":{"start":{"line":56,"column":2},"end":{"line":58,"column":3}},"type":"if","locations":[{"start":{"line":56,"column":2},"end":{"line":58,"column":3}},{"start":{"line":56,"column":2},"end":{"line":58,"column":3}}],"line":56},"2":{"loc":{"start":{"line":60,"column":2},"end":{"line":62,"column":3}},"type":"if","locations":[{"start":{"line":60,"column":2},"end":{"line":62,"column":3}},{"start":{"line":60,"column":2},"end":{"line":62,"column":3}}],"line":60},"3":{"loc":{"start":{"line":66,"column":2},"end":{"line":69,"column":3}},"type":"if","locations":[{"start":{"line":66,"column":2},"end":{"line":69,"column":3}},{"start":{"line":66,"column":2},"end":{"line":69,"column":3}}],"line":66},"4":{"loc":{"start":{"line":104,"column":4},"end":{"line":107,"column":5}},"type":"if","locations":[{"start":{"line":104,"column":4},"end":{"line":107,"column":5}},{"start":{"line":104,"column":4},"end":{"line":107,"column":5}}],"line":104}},"s":{"0":5,"1":5,"2":5,"3":5,"4":5,"5":5,"6":5,"7":5,"8":5,"9":5,"10":3,"11":3,"12":2,"13":3,"14":2,"15":1,"16":1,"17":5,"18":4,"19":4,"20":2,"21":4,"22":2,"23":4,"24":4,"25":1,"26":2,"27":1,"28":3,"29":2,"30":5,"31":3,"32":2,"33":5,"34":4,"35":4,"36":2,"37":2,"38":2,"39":2,"40":1,"41":5,"42":2,"43":1,"44":5},"f":{"0":3,"1":3,"2":4,"3":2,"4":3,"5":4,"6":2,"7":2},"b":{"0":[2,1],"1":[2,2],"2":[2,2],"3":[1,3],"4":[2,2]},"_coverageSchema":"1a1c01bbd47fc00a2c39e90264f33305004495a9","hash":"fd6237ac9b296ef05170a4f33da9849b5575c196"}
,"/Users/lawnknee/Desktop/express-jobly/routes/jobs.js": {"path":"/Users/lawnknee/Desktop/express-jobly/routes/jobs.js","statementMap":{"0":{"start":{"line":5,"column":19},"end":{"line":5,"column":40}},"1":{"start":{"line":6,"column":16},"end":{"line":6,"column":34}},"2":{"start":{"line":8,"column":28},"end":{"line":8,"column":54}},"3":{"start":{"line":9,"column":42},"end":{"line":9,"column":71}},"4":{"start":{"line":10,"column":12},"end":{"line":10,"column":36}},"5":{"start":{"line":12,"column":21},"end":{"line":12,"column":54}},"6":{"start":{"line":13,"column":24},"end":{"line":13,"column":60}},"7":{"start":{"line":14,"column":27},"end":{"line":14,"column":66}},"8":{"start":{"line":16,"column":15},"end":{"line":16,"column":35}},"9":{"start":{"line":27,"column":0},"end":{"line":40,"column":2}},"10":{"start":{"line":31,"column":22},"end":{"line":31,"column":65}},"11":{"start":{"line":32,"column":4},"end":{"line":35,"column":5}},"12":{"start":{"line":33,"column":19},"end":{"line":33,"column":55}},"13":{"start":{"line":33,"column":47},"end":{"line":33,"column":54}},"14":{"start":{"line":34,"column":6},"end":{"line":34,"column":38}},"15":{"start":{"line":37,"column":16},"end":{"line":37,"column":42}},"16":{"start":{"line":38,"column":4},"end":{"line":38,"column":41}},"17":{"start":{"line":52,"column":0},"end":{"line":72,"column":3}},"18":{"start":{"line":53,"column":16},"end":{"line":53,"column":25}},"19":{"start":{"line":55,"column":2},"end":{"line":57,"column":3}},"20":{"start":{"line":56,"column":4},"end":{"line":56,"column":46}},"21":{"start":{"line":59,"column":2},"end":{"line":61,"column":3}},"22":{"start":{"line":60,"column":4},"end":{"line":60,"column":27}},"23":{"start":{"line":63,"column":17},"end":{"line":63,"column":63}},"24":{"start":{"line":65,"column":2},"end":{"line":68,"column":3}},"25":{"start":{"line":66,"column":15},"end":{"line":66,"column":52}},"26":{"start":{"line":66,"column":42},"end":{"line":66,"column":51}},"27":{"start":{"line":67,"column":4},"end":{"line":67,"column":36}},"28":{"start":{"line":70,"column":15},"end":{"line":70,"column":39}},"29":{"start":{"line":71,"column":2},"end":{"line":71,"column":28}},"30":{"start":{"line":82,"column":0},"end":{"line":85,"column":3}},"31":{"start":{"line":83,"column":14},"end":{"line":83,"column":42}},"32":{"start":{"line":84,"column":2},"end":{"line":84,"column":27}},"33":{"start":{"line":98,"column":0},"end":{"line":111,"column":2}},"34":{"start":{"line":102,"column":22},"end":{"line":102,"column":68}},"35":{"start":{"line":103,"column":4},"end":{"line":106,"column":5}},"36":{"start":{"line":104,"column":19},"end":{"line":104,"column":55}},"37":{"start":{"line":104,"column":47},"end":{"line":104,"column":54}},"38":{"start":{"line":105,"column":6},"end":{"line":105,"column":38}},"39":{"start":{"line":108,"column":16},"end":{"line":108,"column":57}},"40":{"start":{"line":109,"column":4},"end":{"line":109,"column":29}},"41":{"start":{"line":118,"column":0},"end":{"line":125,"column":2}},"42":{"start":{"line":122,"column":4},"end":{"line":122,"column":36}},"43":{"start":{"line":123,"column":4},"end":{"line":123,"column":56}},"44":{"start":{"line":127,"column":0},"end":{"line":127,"column":24}}},"fnMap":{"0":{"name":"(anonymous_0)","decl":{"start":{"line":30,"column":2},"end":{"line":30,"column":3}},"loc":{"start":{"line":30,"column":34},"end":{"line":39,"column":3}},"line":30},"1":{"name":"(anonymous_1)","decl":{"start":{"line":33,"column":40},"end":{"line":33,"column":41}},"loc":{"start":{"line":33,"column":47},"end":{"line":33,"column":54}},"line":33},"2":{"name":"(anonymous_2)","decl":{"start":{"line":52,"column":16},"end":{"line":52,"column":17}},"loc":{"start":{"line":52,"column":48},"end":{"line":72,"column":1}},"line":52},"3":{"name":"(anonymous_3)","decl":{"start":{"line":66,"column":33},"end":{"line":66,"column":34}},"loc":{"start":{"line":66,"column":42},"end":{"line":66,"column":51}},"line":66},"4":{"name":"(anonymous_4)","decl":{"start":{"line":82,"column":19},"end":{"line":82,"column":20}},"loc":{"start":{"line":82,"column":51},"end":{"line":85,"column":1}},"line":82},"5":{"name":"(anonymous_5)","decl":{"start":{"line":101,"column":2},"end":{"line":101,"column":3}},"loc":{"start":{"line":101,"column":34},"end":{"line":110,"column":3}},"line":101},"6":{"name":"(anonymous_6)","decl":{"start":{"line":104,"column":40},"end":{"line":104,"column":41}},"loc":{"start":{"line":104,"column":47},"end":{"line":104,"column":54}},"line":104},"7":{"name":"(anonymous_7)","decl":{"start":{"line":121,"column":2},"end":{"line":121,"column":3}},"loc":{"start":{"line":121,"column":34},"end":{"line":124,"column":3}},"line":121}},"branchMap":{"0":{"loc":{"start":{"line":32,"column":4},"end":{"line":35,"column":5}},"type":"if","locations":[{"start":{"line":32,"column":4},"end":{"line":35,"column":5}},{"start":{"line":32,"column":4},"end":{"line":35,"column":5}}],"line":32},"1":{"loc":{"start":{"line":55,"column":2},"end":{"line":57,"column":3}},"type":"if","locations":[{"start":{"line":55,"column":2},"end":{"line":57,"column":3}},{"start":{"line":55,"column":2},"end":{"line":57,"column":3}}],"line":55},"2":{"loc":{"start":{"line":59,"column":2},"end":{"line":61,"column":3}},"type":"if","locations":[{"start":{"line":59,"column":2},"end":{"line":61,"column":3}},{"start":{"line":59,"column":2},"end":{"line":61,"column":3}}],"line":59},"3":{"loc":{"start":{"line":65,"column":2},"end":{"line":68,"column":3}},"type":"if","locations":[{"start":{"line":65,"column":2},"end":{"line":68,"column":3}},{"start":{"line":65,"column":2},"end":{"line":68,"column":3}}],"line":65},"4":{"loc":{"start":{"line":103,"column":4},"end":{"line":106,"column":5}},"type":"if","locations":[{"start":{"line":103,"column":4},"end":{"line":106,"column":5}},{"start":{"line":103,"column":4},"end":{"line":106,"column":5}}],"line":103}},"s":{"0":5,"1":5,"2":5,"3":5,"4":5,"5":5,"6":5,"7":5,"8":5,"9":5,"10":3,"11":3,"12":2,"13":5,"14":2,"15":1,"16":1,"17":5,"18":4,"19":4,"20":2,"21":4,"22":2,"23":4,"24":4,"25":1,"26":2,"27":1,"28":3,"29":2,"30":5,"31":3,"32":2,"33":5,"34":3,"35":3,"36":2,"37":2,"38":2,"39":1,"40":1,"41":5,"42":2,"43":1,"44":5},"f":{"0":3,"1":5,"2":4,"3":2,"4":3,"5":3,"6":2,"7":2},"b":{"0":[2,1],"1":[2,2],"2":[2,2],"3":[1,3],"4":[2,1]},"_coverageSchema":"1a1c01bbd47fc00a2c39e90264f33305004495a9","hash":"25e933e5607cef57af5e99f279ff1b03f191f42a"}
,"/Users/lawnknee/Desktop/express-jobly/routes/users.js": {"path":"/Users/lawnknee/Desktop/express-jobly/routes/users.js","statementMap":{"0":{"start":{"line":5,"column":19},"end":{"line":5,"column":40}},"1":{"start":{"line":7,"column":16},"end":{"line":7,"column":34}},"2":{"start":{"line":12,"column":4},"end":{"line":12,"column":33}},"3":{"start":{"line":13,"column":44},"end":{"line":13,"column":70}},"4":{"start":{"line":14,"column":13},"end":{"line":14,"column":38}},"5":{"start":{"line":15,"column":24},"end":{"line":15,"column":52}},"6":{"start":{"line":16,"column":22},"end":{"line":16,"column":56}},"7":{"start":{"line":17,"column":25},"end":{"line":17,"column":62}},"8":{"start":{"line":19,"column":15},"end":{"line":19,"column":31}},"9":{"start":{"line":33,"column":0},"end":{"line":47,"column":2}},"10":{"start":{"line":37,"column":22},"end":{"line":37,"column":66}},"11":{"start":{"line":38,"column":4},"end":{"line":41,"column":5}},"12":{"start":{"line":39,"column":19},"end":{"line":39,"column":55}},"13":{"start":{"line":39,"column":47},"end":{"line":39,"column":54}},"14":{"start":{"line":40,"column":6},"end":{"line":40,"column":38}},"15":{"start":{"line":43,"column":17},"end":{"line":43,"column":46}},"16":{"start":{"line":44,"column":18},"end":{"line":44,"column":35}},"17":{"start":{"line":45,"column":4},"end":{"line":45,"column":49}},"18":{"start":{"line":56,"column":0},"end":{"line":59,"column":3}},"19":{"start":{"line":57,"column":16},"end":{"line":57,"column":36}},"20":{"start":{"line":58,"column":2},"end":{"line":58,"column":29}},"21":{"start":{"line":68,"column":0},"end":{"line":75,"column":2}},"22":{"start":{"line":72,"column":17},"end":{"line":72,"column":52}},"23":{"start":{"line":73,"column":4},"end":{"line":73,"column":30}},"24":{"start":{"line":87,"column":0},"end":{"line":100,"column":2}},"25":{"start":{"line":91,"column":22},"end":{"line":91,"column":69}},"26":{"start":{"line":92,"column":4},"end":{"line":95,"column":5}},"27":{"start":{"line":93,"column":19},"end":{"line":93,"column":55}},"28":{"start":{"line":93,"column":47},"end":{"line":93,"column":54}},"29":{"start":{"line":94,"column":6},"end":{"line":94,"column":38}},"30":{"start":{"line":97,"column":17},"end":{"line":97,"column":65}},"31":{"start":{"line":98,"column":4},"end":{"line":98,"column":30}},"32":{"start":{"line":107,"column":0},"end":{"line":114,"column":2}},"33":{"start":{"line":111,"column":4},"end":{"line":111,"column":43}},"34":{"start":{"line":112,"column":4},"end":{"line":112,"column":54}},"35":{"start":{"line":116,"column":0},"end":{"line":116,"column":24}}},"fnMap":{"0":{"name":"(anonymous_0)","decl":{"start":{"line":36,"column":2},"end":{"line":36,"column":3}},"loc":{"start":{"line":36,"column":34},"end":{"line":46,"column":3}},"line":36},"1":{"name":"(anonymous_1)","decl":{"start":{"line":39,"column":40},"end":{"line":39,"column":41}},"loc":{"start":{"line":39,"column":47},"end":{"line":39,"column":54}},"line":39},"2":{"name":"(anonymous_2)","decl":{"start":{"line":56,"column":47},"end":{"line":56,"column":48}},"loc":{"start":{"line":56,"column":79},"end":{"line":59,"column":1}},"line":56},"3":{"name":"(anonymous_3)","decl":{"start":{"line":71,"column":2},"end":{"line":71,"column":3}},"loc":{"start":{"line":71,"column":34},"end":{"line":74,"column":3}},"line":71},"4":{"name":"(anonymous_4)","decl":{"start":{"line":90,"column":2},"end":{"line":90,"column":3}},"loc":{"start":{"line":90,"column":34},"end":{"line":99,"column":3}},"line":90},"5":{"name":"(anonymous_5)","decl":{"start":{"line":93,"column":40},"end":{"line":93,"column":41}},"loc":{"start":{"line":93,"column":47},"end":{"line":93,"column":54}},"line":93},"6":{"name":"(anonymous_6)","decl":{"start":{"line":110,"column":2},"end":{"line":110,"column":3}},"loc":{"start":{"line":110,"column":34},"end":{"line":113,"column":3}},"line":110}},"branchMap":{"0":{"loc":{"start":{"line":38,"column":4},"end":{"line":41,"column":5}},"type":"if","locations":[{"start":{"line":38,"column":4},"end":{"line":41,"column":5}},{"start":{"line":38,"column":4},"end":{"line":41,"column":5}}],"line":38},"1":{"loc":{"start":{"line":92,"column":4},"end":{"line":95,"column":5}},"type":"if","locations":[{"start":{"line":92,"column":4},"end":{"line":95,"column":5}},{"start":{"line":92,"column":4},"end":{"line":95,"column":5}}],"line":92}},"s":{"0":5,"1":5,"2":5,"3":5,"4":5,"5":5,"6":5,"7":5,"8":5,"9":5,"10":4,"11":4,"12":2,"13":5,"14":2,"15":2,"16":2,"17":2,"18":5,"19":2,"20":1,"21":5,"22":3,"23":2,"24":5,"25":7,"26":7,"27":2,"28":2,"29":2,"30":5,"31":4,"32":5,"33":3,"34":2,"35":5},"f":{"0":4,"1":5,"2":2,"3":3,"4":7,"5":2,"6":3},"b":{"0":[2,2],"1":[2,5]},"_coverageSchema":"1a1c01bbd47fc00a2c39e90264f33305004495a9","hash":"fde80f09c318bb76bed685f0982c8acd54624bac"}
}
