{"/Users/lawnknee/Desktop/express-jobly/app.js": {"path":"/Users/lawnknee/Desktop/express-jobly/app.js","statementMap":{"0":{"start":{"line":5,"column":16},"end":{"line":5,"column":34}},"1":{"start":{"line":6,"column":13},"end":{"line":6,"column":28}},"2":{"start":{"line":8,"column":26},"end":{"line":8,"column":51}},"3":{"start":{"line":10,"column":28},"end":{"line":10,"column":56}},"4":{"start":{"line":11,"column":19},"end":{"line":11,"column":43}},"5":{"start":{"line":12,"column":24},"end":{"line":12,"column":53}},"6":{"start":{"line":13,"column":20},"end":{"line":13,"column":45}},"7":{"start":{"line":15,"column":15},"end":{"line":15,"column":32}},"8":{"start":{"line":17,"column":12},"end":{"line":17,"column":21}},"9":{"start":{"line":19,"column":0},"end":{"line":19,"column":16}},"10":{"start":{"line":20,"column":0},"end":{"line":20,"column":24}},"11":{"start":{"line":21,"column":0},"end":{"line":21,"column":24}},"12":{"start":{"line":22,"column":0},"end":{"line":22,"column":25}},"13":{"start":{"line":24,"column":0},"end":{"line":24,"column":29}},"14":{"start":{"line":25,"column":0},"end":{"line":25,"column":39}},"15":{"start":{"line":26,"column":0},"end":{"line":26,"column":31}},"16":{"start":{"line":30,"column":0},"end":{"line":32,"column":3}},"17":{"start":{"line":31,"column":2},"end":{"line":31,"column":35}},"18":{"start":{"line":35,"column":0},"end":{"line":43,"column":3}},"19":{"start":{"line":36,"column":2},"end":{"line":36,"column":64}},"20":{"start":{"line":36,"column":39},"end":{"line":36,"column":64}},"21":{"start":{"line":37,"column":17},"end":{"line":37,"column":34}},"22":{"start":{"line":38,"column":18},"end":{"line":38,"column":29}},"23":{"start":{"line":40,"column":2},"end":{"line":42,"column":5}},"24":{"start":{"line":45,"column":0},"end":{"line":45,"column":21}}},"fnMap":{"0":{"name":"(anonymous_0)","decl":{"start":{"line":30,"column":8},"end":{"line":30,"column":9}},"loc":{"start":{"line":30,"column":34},"end":{"line":32,"column":1}},"line":30},"1":{"name":"(anonymous_1)","decl":{"start":{"line":35,"column":8},"end":{"line":35,"column":9}},"loc":{"start":{"line":35,"column":39},"end":{"line":43,"column":1}},"line":35}},"branchMap":{"0":{"loc":{"start":{"line":36,"column":2},"end":{"line":36,"column":64}},"type":"if","locations":[{"start":{"line":36,"column":2},"end":{"line":36,"column":64}},{"start":{"line":36,"column":2},"end":{"line":36,"column":64}}],"line":36},"1":{"loc":{"start":{"line":37,"column":17},"end":{"line":37,"column":34}},"type":"binary-expr","locations":[{"start":{"line":37,"column":17},"end":{"line":37,"column":27}},{"start":{"line":37,"column":31},"end":{"line":37,"column":34}}],"line":37}},"s":{"0":4,"1":4,"2":4,"3":4,"4":4,"5":4,"6":4,"7":4,"8":4,"9":4,"10":4,"11":4,"12":4,"13":4,"14":4,"15":4,"16":4,"17":2,"18":4,"19":40,"20":1,"21":40,"22":40,"23":40,"24":4},"f":{"0":2,"1":40},"b":{"0":[1,39],"1":[40,2]},"_coverageSchema":"1a1c01bbd47fc00a2c39e90264f33305004495a9","hash":"de2d35faabebd0f562b9930bd3dd87cb7eaf09c8"}
,"/Users/lawnknee/Desktop/express-jobly/config.js": {"path":"/Users/lawnknee/Desktop/express-jobly/config.js","statementMap":{"0":{"start":{"line":5,"column":0},"end":{"line":5,"column":27}},"1":{"start":{"line":6,"column":0},"end":{"line":6,"column":18}},"2":{"start":{"line":8,"column":19},"end":{"line":8,"column":57}},"3":{"start":{"line":10,"column":13},"end":{"line":10,"column":38}},"4":{"start":{"line":14,"column":2},"end":{"line":16,"column":44}},"5":{"start":{"line":22,"column":27},"end":{"line":22,"column":67}},"6":{"start":{"line":24,"column":0},"end":{"line":24,"column":35}},"7":{"start":{"line":25,"column":0},"end":{"line":25,"column":46}},"8":{"start":{"line":26,"column":0},"end":{"line":26,"column":45}},"9":{"start":{"line":27,"column":0},"end":{"line":27,"column":61}},"10":{"start":{"line":28,"column":0},"end":{"line":28,"column":50}},"11":{"start":{"line":29,"column":0},"end":{"line":29,"column":19}},"12":{"start":{"line":31,"column":0},"end":{"line":36,"column":2}}},"fnMap":{"0":{"name":"getDatabaseUri","decl":{"start":{"line":13,"column":9},"end":{"line":13,"column":23}},"loc":{"start":{"line":13,"column":26},"end":{"line":17,"column":1}},"line":13}},"branchMap":{"0":{"loc":{"start":{"line":8,"column":19},"end":{"line":8,"column":57}},"type":"binary-expr","locations":[{"start":{"line":8,"column":19},"end":{"line":8,"column":41}},{"start":{"line":8,"column":45},"end":{"line":8,"column":57}}],"line":8},"1":{"loc":{"start":{"line":10,"column":13},"end":{"line":10,"column":38}},"type":"binary-expr","locations":[{"start":{"line":10,"column":13},"end":{"line":10,"column":30}},{"start":{"line":10,"column":34},"end":{"line":10,"column":38}}],"line":10},"2":{"loc":{"start":{"line":14,"column":9},"end":{"line":16,"column":43}},"type":"cond-expr","locations":[{"start":{"line":15,"column":8},"end":{"line":15,"column":20}},{"start":{"line":16,"column":8},"end":{"line":16,"column":43}}],"line":14},"3":{"loc":{"start":{"line":16,"column":8},"end":{"line":16,"column":43}},"type":"binary-expr","locations":[{"start":{"line":16,"column":8},"end":{"line":16,"column":32}},{"start":{"line":16,"column":36},"end":{"line":16,"column":43}}],"line":16},"4":{"loc":{"start":{"line":22,"column":27},"end":{"line":22,"column":67}},"type":"cond-expr","locations":[{"start":{"line":22,"column":61},"end":{"line":22,"column":62}},{"start":{"line":22,"column":65},"end":{"line":22,"column":67}}],"line":22}},"s":{"0":9,"1":9,"2":9,"3":9,"4":18,"5":9,"6":9,"7":9,"8":9,"9":9,"10":9,"11":9,"12":9},"f":{"0":18},"b":{"0":[9,8],"1":[9,8],"2":[15,3],"3":[3,1],"4":[8,1]},"_coverageSchema":"1a1c01bbd47fc00a2c39e90264f33305004495a9","hash":"9d13cf1e148e0fb092304e97bab6677b1e86ba89"}
,"/Users/lawnknee/Desktop/express-jobly/db.js": {"path":"/Users/lawnknee/Desktop/express-jobly/db.js","statementMap":{"0":{"start":{"line":5,"column":19},"end":{"line":5,"column":32}},"1":{"start":{"line":6,"column":27},"end":{"line":6,"column":46}},"2":{"start":{"line":8,"column":11},"end":{"line":10,"column":2}},"3":{"start":{"line":12,"column":0},"end":{"line":12,"column":13}},"4":{"start":{"line":14,"column":0},"end":{"line":14,"column":20}}},"fnMap":{},"branchMap":{},"s":{"0":6,"1":6,"2":6,"3":6,"4":6},"f":{},"b":{},"_coverageSchema":"1a1c01bbd47fc00a2c39e90264f33305004495a9","hash":"f828e508483083494685302cfda8160327f9855b"}
,"/Users/lawnknee/Desktop/express-jobly/expressError.js": {"path":"/Users/lawnknee/Desktop/express-jobly/expressError.js","statementMap":{"0":{"start":{"line":9,"column":4},"end":{"line":9,"column":12}},"1":{"start":{"line":10,"column":4},"end":{"line":10,"column":27}},"2":{"start":{"line":11,"column":4},"end":{"line":11,"column":25}},"3":{"start":{"line":19,"column":4},"end":{"line":19,"column":24}},"4":{"start":{"line":27,"column":4},"end":{"line":27,"column":24}},"5":{"start":{"line":35,"column":4},"end":{"line":35,"column":24}},"6":{"start":{"line":43,"column":4},"end":{"line":43,"column":24}},"7":{"start":{"line":47,"column":0},"end":{"line":53,"column":2}}},"fnMap":{"0":{"name":"(anonymous_0)","decl":{"start":{"line":8,"column":2},"end":{"line":8,"column":3}},"loc":{"start":{"line":8,"column":31},"end":{"line":12,"column":3}},"line":8},"1":{"name":"(anonymous_1)","decl":{"start":{"line":18,"column":2},"end":{"line":18,"column":3}},"loc":{"start":{"line":18,"column":37},"end":{"line":20,"column":3}},"line":18},"2":{"name":"(anonymous_2)","decl":{"start":{"line":26,"column":2},"end":{"line":26,"column":3}},"loc":{"start":{"line":26,"column":40},"end":{"line":28,"column":3}},"line":26},"3":{"name":"(anonymous_3)","decl":{"start":{"line":34,"column":2},"end":{"line":34,"column":3}},"loc":{"start":{"line":34,"column":23},"end":{"line":36,"column":3}},"line":34},"4":{"name":"(anonymous_4)","decl":{"start":{"line":42,"column":2},"end":{"line":42,"column":3}},"loc":{"start":{"line":42,"column":39},"end":{"line":44,"column":3}},"line":42}},"branchMap":{"0":{"loc":{"start":{"line":18,"column":14},"end":{"line":18,"column":35}},"type":"default-arg","locations":[{"start":{"line":18,"column":24},"end":{"line":18,"column":35}}],"line":18},"1":{"loc":{"start":{"line":26,"column":14},"end":{"line":26,"column":38}},"type":"default-arg","locations":[{"start":{"line":26,"column":24},"end":{"line":26,"column":38}}],"line":26},"2":{"loc":{"start":{"line":42,"column":14},"end":{"line":42,"column":37}},"type":"default-arg","locations":[{"start":{"line":42,"column":24},"end":{"line":42,"column":37}}],"line":42}},"s":{"0":53,"1":53,"2":53,"3":14,"4":12,"5":19,"6":8,"7":8},"f":{"0":53,"1":14,"2":12,"3":19,"4":8},"b":{"0":[2],"1":[8],"2":[8]},"_coverageSchema":"1a1c01bbd47fc00a2c39e90264f33305004495a9","hash":"5d0cf5e64f40be350d2fc66f9b58f87bf2c1ab49"}
,"/Users/lawnknee/Desktop/express-jobly/helpers/sql.js": {"path":"/Users/lawnknee/Desktop/express-jobly/helpers/sql.js","statementMap":{"0":{"start":{"line":1,"column":28},"end":{"line":1,"column":54}},"1":{"start":{"line":20,"column":15},"end":{"line":20,"column":40}},"2":{"start":{"line":21,"column":2},"end":{"line":21,"column":62}},"3":{"start":{"line":21,"column":25},"end":{"line":21,"column":62}},"4":{"start":{"line":24,"column":15},"end":{"line":26,"column":3}},"5":{"start":{"line":25,"column":22},"end":{"line":25,"column":68}},"6":{"start":{"line":28,"column":2},"end":{"line":31,"column":4}},"7":{"start":{"line":34,"column":0},"end":{"line":34,"column":41}}},"fnMap":{"0":{"name":"sqlForPartialUpdate","decl":{"start":{"line":19,"column":9},"end":{"line":19,"column":28}},"loc":{"start":{"line":19,"column":52},"end":{"line":32,"column":1}},"line":19},"1":{"name":"(anonymous_1)","decl":{"start":{"line":25,"column":4},"end":{"line":25,"column":5}},"loc":{"start":{"line":25,"column":22},"end":{"line":25,"column":68}},"line":25}},"branchMap":{"0":{"loc":{"start":{"line":21,"column":2},"end":{"line":21,"column":62}},"type":"if","locations":[{"start":{"line":21,"column":2},"end":{"line":21,"column":62}},{"start":{"line":21,"column":2},"end":{"line":21,"column":62}}],"line":21},"1":{"loc":{"start":{"line":25,"column":26},"end":{"line":25,"column":53}},"type":"binary-expr","locations":[{"start":{"line":25,"column":26},"end":{"line":25,"column":42}},{"start":{"line":25,"column":46},"end":{"line":25,"column":53}}],"line":25}},"s":{"0":7,"1":17,"2":17,"3":3,"4":14,"5":27,"6":14,"7":7},"f":{"0":17,"1":27},"b":{"0":[3,14],"1":[27,13]},"_coverageSchema":"1a1c01bbd47fc00a2c39e90264f33305004495a9","hash":"3e3c00f123f693a8ba1621e473488da84b50afc5"}
,"/Users/lawnknee/Desktop/express-jobly/helpers/tokens.js": {"path":"/Users/lawnknee/Desktop/express-jobly/helpers/tokens.js","statementMap":{"0":{"start":{"line":1,"column":12},"end":{"line":1,"column":35}},"1":{"start":{"line":2,"column":23},"end":{"line":2,"column":43}},"2":{"start":{"line":7,"column":2},"end":{"line":8,"column":58}},"3":{"start":{"line":10,"column":16},"end":{"line":13,"column":3}},"4":{"start":{"line":15,"column":2},"end":{"line":15,"column":39}},"5":{"start":{"line":18,"column":0},"end":{"line":18,"column":33}}},"fnMap":{"0":{"name":"createToken","decl":{"start":{"line":6,"column":9},"end":{"line":6,"column":20}},"loc":{"start":{"line":6,"column":27},"end":{"line":16,"column":1}},"line":6}},"branchMap":{"0":{"loc":{"start":{"line":12,"column":13},"end":{"line":12,"column":34}},"type":"binary-expr","locations":[{"start":{"line":12,"column":13},"end":{"line":12,"column":25}},{"start":{"line":12,"column":29},"end":{"line":12,"column":34}}],"line":12}},"s":{"0":5,"1":5,"2":13,"3":13,"4":13,"5":5},"f":{"0":13},"b":{"0":[13,8]},"_coverageSchema":"1a1c01bbd47fc00a2c39e90264f33305004495a9","hash":"8400a9e78ccd356b661056b51becfceeab1f388b"}
,"/Users/lawnknee/Desktop/express-jobly/middleware/auth.js": {"path":"/Users/lawnknee/Desktop/express-jobly/middleware/auth.js","statementMap":{"0":{"start":{"line":5,"column":12},"end":{"line":5,"column":35}},"1":{"start":{"line":6,"column":23},"end":{"line":6,"column":43}},"2":{"start":{"line":7,"column":46},"end":{"line":7,"column":72}},"3":{"start":{"line":18,"column":2},"end":{"line":27,"column":3}},"4":{"start":{"line":19,"column":23},"end":{"line":19,"column":63}},"5":{"start":{"line":20,"column":4},"end":{"line":23,"column":5}},"6":{"start":{"line":21,"column":20},"end":{"line":21,"column":64}},"7":{"start":{"line":22,"column":6},"end":{"line":22,"column":54}},"8":{"start":{"line":24,"column":4},"end":{"line":24,"column":18}},"9":{"start":{"line":26,"column":4},"end":{"line":26,"column":18}},"10":{"start":{"line":36,"column":2},"end":{"line":41,"column":3}},"11":{"start":{"line":37,"column":4},"end":{"line":37,"column":56}},"12":{"start":{"line":37,"column":26},"end":{"line":37,"column":56}},"13":{"start":{"line":38,"column":4},"end":{"line":38,"column":18}},"14":{"start":{"line":40,"column":4},"end":{"line":40,"column":21}},"15":{"start":{"line":50,"column":2},"end":{"line":55,"column":3}},"16":{"start":{"line":51,"column":4},"end":{"line":51,"column":61}},"17":{"start":{"line":51,"column":34},"end":{"line":51,"column":61}},"18":{"start":{"line":52,"column":4},"end":{"line":52,"column":18}},"19":{"start":{"line":54,"column":4},"end":{"line":54,"column":21}},"20":{"start":{"line":65,"column":2},"end":{"line":74,"column":3}},"21":{"start":{"line":66,"column":17},"end":{"line":66,"column":32}},"22":{"start":{"line":68,"column":4},"end":{"line":70,"column":5}},"23":{"start":{"line":69,"column":6},"end":{"line":69,"column":33}},"24":{"start":{"line":71,"column":4},"end":{"line":71,"column":18}},"25":{"start":{"line":73,"column":4},"end":{"line":73,"column":20}},"26":{"start":{"line":78,"column":0},"end":{"line":83,"column":2}}},"fnMap":{"0":{"name":"authenticateJWT","decl":{"start":{"line":17,"column":9},"end":{"line":17,"column":24}},"loc":{"start":{"line":17,"column":41},"end":{"line":28,"column":1}},"line":17},"1":{"name":"ensureLoggedIn","decl":{"start":{"line":35,"column":9},"end":{"line":35,"column":23}},"loc":{"start":{"line":35,"column":40},"end":{"line":42,"column":1}},"line":35},"2":{"name":"ensureIsAdmin","decl":{"start":{"line":49,"column":9},"end":{"line":49,"column":22}},"loc":{"start":{"line":49,"column":39},"end":{"line":56,"column":1}},"line":49},"3":{"name":"ensureIsAdminOrEndpointUser","decl":{"start":{"line":64,"column":9},"end":{"line":64,"column":36}},"loc":{"start":{"line":64,"column":53},"end":{"line":75,"column":1}},"line":64}},"branchMap":{"0":{"loc":{"start":{"line":19,"column":23},"end":{"line":19,"column":63}},"type":"binary-expr","locations":[{"start":{"line":19,"column":23},"end":{"line":19,"column":34}},{"start":{"line":19,"column":38},"end":{"line":19,"column":63}}],"line":19},"1":{"loc":{"start":{"line":20,"column":4},"end":{"line":23,"column":5}},"type":"if","locations":[{"start":{"line":20,"column":4},"end":{"line":23,"column":5}},{"start":{"line":20,"column":4},"end":{"line":23,"column":5}}],"line":20},"2":{"loc":{"start":{"line":37,"column":4},"end":{"line":37,"column":56}},"type":"if","locations":[{"start":{"line":37,"column":4},"end":{"line":37,"column":56}},{"start":{"line":37,"column":4},"end":{"line":37,"column":56}}],"line":37},"3":{"loc":{"start":{"line":51,"column":4},"end":{"line":51,"column":61}},"type":"if","locations":[{"start":{"line":51,"column":4},"end":{"line":51,"column":61}},{"start":{"line":51,"column":4},"end":{"line":51,"column":61}}],"line":51},"4":{"loc":{"start":{"line":68,"column":4},"end":{"line":70,"column":5}},"type":"if","locations":[{"start":{"line":68,"column":4},"end":{"line":70,"column":5}},{"start":{"line":68,"column":4},"end":{"line":70,"column":5}}],"line":68},"5":{"loc":{"start":{"line":68,"column":10},"end":{"line":68,"column":63}},"type":"binary-expr","locations":[{"start":{"line":68,"column":10},"end":{"line":68,"column":47}},{"start":{"line":68,"column":51},"end":{"line":68,"column":63}}],"line":68}},"s":{"0":5,"1":5,"2":5,"3":63,"4":63,"5":63,"6":39,"7":39,"8":62,"9":1,"10":45,"11":45,"12":8,"13":37,"14":8,"15":20,"16":20,"17":5,"18":15,"19":5,"20":16,"21":16,"22":16,"23":3,"24":13,"25":3,"26":5},"f":{"0":63,"1":45,"2":20,"3":16},"b":{"0":[63,62],"1":[39,24],"2":[8,37],"3":[5,15],"4":[3,13],"5":[16,11]},"_coverageSchema":"1a1c01bbd47fc00a2c39e90264f33305004495a9","hash":"278a72c665fc99837c99a84dd54282417f72f79f"}
,"/Users/lawnknee/Desktop/express-jobly/models/_testCommon.js": {"path":"/Users/lawnknee/Desktop/express-jobly/models/_testCommon.js","statementMap":{"0":{"start":{"line":1,"column":15},"end":{"line":1,"column":32}},"1":{"start":{"line":3,"column":11},"end":{"line":3,"column":30}},"2":{"start":{"line":4,"column":31},"end":{"line":4,"column":51}},"3":{"start":{"line":8,"column":2},"end":{"line":8,"column":42}},"4":{"start":{"line":10,"column":2},"end":{"line":10,"column":38}},"5":{"start":{"line":12,"column":2},"end":{"line":16,"column":55}},"6":{"start":{"line":18,"column":2},"end":{"line":30,"column":9}},"7":{"start":{"line":34,"column":2},"end":{"line":34,"column":26}},"8":{"start":{"line":38,"column":2},"end":{"line":38,"column":29}},"9":{"start":{"line":42,"column":2},"end":{"line":42,"column":17}},"10":{"start":{"line":46,"column":0},"end":{"line":51,"column":2}}},"fnMap":{"0":{"name":"commonBeforeAll","decl":{"start":{"line":6,"column":15},"end":{"line":6,"column":30}},"loc":{"start":{"line":6,"column":33},"end":{"line":31,"column":1}},"line":6},"1":{"name":"commonBeforeEach","decl":{"start":{"line":33,"column":15},"end":{"line":33,"column":31}},"loc":{"start":{"line":33,"column":34},"end":{"line":35,"column":1}},"line":33},"2":{"name":"commonAfterEach","decl":{"start":{"line":37,"column":15},"end":{"line":37,"column":30}},"loc":{"start":{"line":37,"column":33},"end":{"line":39,"column":1}},"line":37},"3":{"name":"commonAfterAll","decl":{"start":{"line":41,"column":15},"end":{"line":41,"column":29}},"loc":{"start":{"line":41,"column":32},"end":{"line":43,"column":1}},"line":41}},"branchMap":{},"s":{"0":2,"1":2,"2":2,"3":2,"4":2,"5":2,"6":2,"7":29,"8":29,"9":2,"10":2},"f":{"0":2,"1":29,"2":29,"3":2},"b":{},"_coverageSchema":"1a1c01bbd47fc00a2c39e90264f33305004495a9","hash":"12e7b8e9b8014d6a3db7cd1479df165b5aa70f88"}
,"/Users/lawnknee/Desktop/express-jobly/models/company.js": {"path":"/Users/lawnknee/Desktop/express-jobly/models/company.js","statementMap":{"0":{"start":{"line":3,"column":11},"end":{"line":3,"column":27}},"1":{"start":{"line":4,"column":43},"end":{"line":4,"column":69}},"2":{"start":{"line":5,"column":32},"end":{"line":5,"column":57}},"3":{"start":{"line":20,"column":27},"end":{"line":25,"column":5}},"4":{"start":{"line":27,"column":4},"end":{"line":28,"column":64}},"5":{"start":{"line":28,"column":6},"end":{"line":28,"column":64}},"6":{"start":{"line":30,"column":19},"end":{"line":41,"column":5}},"7":{"start":{"line":42,"column":20},"end":{"line":42,"column":34}},"8":{"start":{"line":44,"column":4},"end":{"line":44,"column":19}},"9":{"start":{"line":59,"column":53},"end":{"line":59,"column":58}},"10":{"start":{"line":61,"column":30},"end":{"line":61,"column":99}},"11":{"start":{"line":63,"column":25},"end":{"line":73,"column":5}},"12":{"start":{"line":74,"column":4},"end":{"line":74,"column":29}},"13":{"start":{"line":91,"column":4},"end":{"line":95,"column":5}},"14":{"start":{"line":92,"column":6},"end":{"line":94,"column":8}},"15":{"start":{"line":97,"column":21},"end":{"line":97,"column":23}},"16":{"start":{"line":98,"column":17},"end":{"line":98,"column":19}},"17":{"start":{"line":100,"column":4},"end":{"line":103,"column":5}},"18":{"start":{"line":101,"column":6},"end":{"line":101,"column":62}},"19":{"start":{"line":102,"column":6},"end":{"line":102,"column":35}},"20":{"start":{"line":104,"column":4},"end":{"line":107,"column":5}},"21":{"start":{"line":105,"column":6},"end":{"line":105,"column":68}},"22":{"start":{"line":106,"column":6},"end":{"line":106,"column":32}},"23":{"start":{"line":108,"column":4},"end":{"line":111,"column":5}},"24":{"start":{"line":109,"column":6},"end":{"line":109,"column":68}},"25":{"start":{"line":110,"column":6},"end":{"line":110,"column":32}},"26":{"start":{"line":113,"column":16},"end":{"line":113,"column":80}},"27":{"start":{"line":115,"column":4},"end":{"line":115,"column":29}},"28":{"start":{"line":127,"column":23},"end":{"line":136,"column":5}},"29":{"start":{"line":138,"column":20},"end":{"line":138,"column":38}},"30":{"start":{"line":140,"column":4},"end":{"line":140,"column":67}},"31":{"start":{"line":140,"column":18},"end":{"line":140,"column":67}},"32":{"start":{"line":142,"column":4},"end":{"line":142,"column":19}},"33":{"start":{"line":158,"column":32},"end":{"line":161,"column":6}},"34":{"start":{"line":162,"column":25},"end":{"line":162,"column":50}},"35":{"start":{"line":164,"column":21},"end":{"line":168,"column":100}},"36":{"start":{"line":169,"column":19},"end":{"line":169,"column":64}},"37":{"start":{"line":170,"column":20},"end":{"line":170,"column":34}},"38":{"start":{"line":172,"column":4},"end":{"line":172,"column":67}},"39":{"start":{"line":172,"column":18},"end":{"line":172,"column":67}},"40":{"start":{"line":174,"column":4},"end":{"line":174,"column":19}},"41":{"start":{"line":183,"column":19},"end":{"line":189,"column":5}},"42":{"start":{"line":190,"column":20},"end":{"line":190,"column":34}},"43":{"start":{"line":192,"column":4},"end":{"line":192,"column":67}},"44":{"start":{"line":192,"column":18},"end":{"line":192,"column":67}},"45":{"start":{"line":196,"column":0},"end":{"line":196,"column":25}}},"fnMap":{"0":{"name":"(anonymous_0)","decl":{"start":{"line":19,"column":2},"end":{"line":19,"column":3}},"loc":{"start":{"line":19,"column":76},"end":{"line":45,"column":3}},"line":19},"1":{"name":"(anonymous_1)","decl":{"start":{"line":58,"column":2},"end":{"line":58,"column":3}},"loc":{"start":{"line":58,"column":35},"end":{"line":75,"column":3}},"line":58},"2":{"name":"(anonymous_2)","decl":{"start":{"line":88,"column":2},"end":{"line":88,"column":3}},"loc":{"start":{"line":88,"column":71},"end":{"line":116,"column":3}},"line":88},"3":{"name":"(anonymous_3)","decl":{"start":{"line":126,"column":2},"end":{"line":126,"column":3}},"loc":{"start":{"line":126,"column":27},"end":{"line":143,"column":3}},"line":126},"4":{"name":"(anonymous_4)","decl":{"start":{"line":157,"column":2},"end":{"line":157,"column":3}},"loc":{"start":{"line":157,"column":36},"end":{"line":175,"column":3}},"line":157},"5":{"name":"(anonymous_5)","decl":{"start":{"line":182,"column":2},"end":{"line":182,"column":3}},"loc":{"start":{"line":182,"column":30},"end":{"line":193,"column":3}},"line":182}},"branchMap":{"0":{"loc":{"start":{"line":27,"column":4},"end":{"line":28,"column":64}},"type":"if","locations":[{"start":{"line":27,"column":4},"end":{"line":28,"column":64}},{"start":{"line":27,"column":4},"end":{"line":28,"column":64}}],"line":27},"1":{"loc":{"start":{"line":58,"column":23},"end":{"line":58,"column":33}},"type":"default-arg","locations":[{"start":{"line":58,"column":31},"end":{"line":58,"column":33}}],"line":58},"2":{"loc":{"start":{"line":91,"column":4},"end":{"line":95,"column":5}},"type":"if","locations":[{"start":{"line":91,"column":4},"end":{"line":95,"column":5}},{"start":{"line":91,"column":4},"end":{"line":95,"column":5}}],"line":91},"3":{"loc":{"start":{"line":91,"column":8},"end":{"line":91,"column":71}},"type":"binary-expr","locations":[{"start":{"line":91,"column":9},"end":{"line":91,"column":21}},{"start":{"line":91,"column":25},"end":{"line":91,"column":37}},{"start":{"line":91,"column":43},"end":{"line":91,"column":70}}],"line":91},"4":{"loc":{"start":{"line":100,"column":4},"end":{"line":103,"column":5}},"type":"if","locations":[{"start":{"line":100,"column":4},"end":{"line":103,"column":5}},{"start":{"line":100,"column":4},"end":{"line":103,"column":5}}],"line":100},"5":{"loc":{"start":{"line":104,"column":4},"end":{"line":107,"column":5}},"type":"if","locations":[{"start":{"line":104,"column":4},"end":{"line":107,"column":5}},{"start":{"line":104,"column":4},"end":{"line":107,"column":5}}],"line":104},"6":{"loc":{"start":{"line":108,"column":4},"end":{"line":111,"column":5}},"type":"if","locations":[{"start":{"line":108,"column":4},"end":{"line":111,"column":5}},{"start":{"line":108,"column":4},"end":{"line":111,"column":5}}],"line":108},"7":{"loc":{"start":{"line":113,"column":16},"end":{"line":113,"column":80}},"type":"cond-expr","locations":[{"start":{"line":113,"column":40},"end":{"line":113,"column":75}},{"start":{"line":113,"column":78},"end":{"line":113,"column":80}}],"line":113},"8":{"loc":{"start":{"line":140,"column":4},"end":{"line":140,"column":67}},"type":"if","locations":[{"start":{"line":140,"column":4},"end":{"line":140,"column":67}},{"start":{"line":140,"column":4},"end":{"line":140,"column":67}}],"line":140},"9":{"loc":{"start":{"line":172,"column":4},"end":{"line":172,"column":67}},"type":"if","locations":[{"start":{"line":172,"column":4},"end":{"line":172,"column":67}},{"start":{"line":172,"column":4},"end":{"line":172,"column":67}}],"line":172},"10":{"loc":{"start":{"line":192,"column":4},"end":{"line":192,"column":67}},"type":"if","locations":[{"start":{"line":192,"column":4},"end":{"line":192,"column":67}},{"start":{"line":192,"column":4},"end":{"line":192,"column":67}}],"line":192}},"s":{"0":5,"1":5,"2":5,"3":13,"4":13,"5":1,"6":12,"7":12,"8":12,"9":7,"10":7,"11":6,"12":5,"13":7,"14":1,"15":6,"16":6,"17":6,"18":2,"19":2,"20":6,"21":2,"22":2,"23":6,"24":2,"25":2,"26":6,"27":6,"28":5,"29":5,"30":5,"31":2,"32":3,"33":6,"34":5,"35":5,"36":5,"37":5,"38":5,"39":2,"40":3,"41":4,"42":4,"43":4,"44":2,"45":5},"f":{"0":13,"1":7,"2":7,"3":5,"4":6,"5":4},"b":{"0":[1,12],"1":[1],"2":[1,6],"3":[7,3,3],"4":[2,4],"5":[2,4],"6":[2,4],"7":[3,3],"8":[2,3],"9":[2,3],"10":[2,2]},"_coverageSchema":"1a1c01bbd47fc00a2c39e90264f33305004495a9","hash":"b09ca0664e82dcf05901cb6e3001b6986dcbb585"}
,"/Users/lawnknee/Desktop/express-jobly/models/user.js": {"path":"/Users/lawnknee/Desktop/express-jobly/models/user.js","statementMap":{"0":{"start":{"line":3,"column":11},"end":{"line":3,"column":27}},"1":{"start":{"line":4,"column":15},"end":{"line":4,"column":32}},"2":{"start":{"line":5,"column":32},"end":{"line":5,"column":57}},"3":{"start":{"line":10,"column":4},"end":{"line":10,"column":30}},"4":{"start":{"line":12,"column":31},"end":{"line":12,"column":54}},"5":{"start":{"line":26,"column":19},"end":{"line":36,"column":5}},"6":{"start":{"line":38,"column":17},"end":{"line":38,"column":31}},"7":{"start":{"line":40,"column":4},"end":{"line":47,"column":5}},"8":{"start":{"line":42,"column":22},"end":{"line":42,"column":67}},"9":{"start":{"line":43,"column":6},"end":{"line":46,"column":7}},"10":{"start":{"line":44,"column":8},"end":{"line":44,"column":29}},"11":{"start":{"line":45,"column":8},"end":{"line":45,"column":20}},"12":{"start":{"line":49,"column":4},"end":{"line":49,"column":61}},"13":{"start":{"line":61,"column":27},"end":{"line":66,"column":5}},"14":{"start":{"line":68,"column":4},"end":{"line":70,"column":5}},"15":{"start":{"line":69,"column":6},"end":{"line":69,"column":67}},"16":{"start":{"line":72,"column":27},"end":{"line":72,"column":74}},"17":{"start":{"line":74,"column":19},"end":{"line":92,"column":5}},"18":{"start":{"line":94,"column":17},"end":{"line":94,"column":31}},"19":{"start":{"line":96,"column":4},"end":{"line":96,"column":16}},"20":{"start":{"line":105,"column":19},"end":{"line":113,"column":5}},"21":{"start":{"line":115,"column":4},"end":{"line":115,"column":23}},"22":{"start":{"line":127,"column":20},"end":{"line":136,"column":5}},"23":{"start":{"line":138,"column":17},"end":{"line":138,"column":32}},"24":{"start":{"line":140,"column":4},"end":{"line":140,"column":63}},"25":{"start":{"line":140,"column":15},"end":{"line":140,"column":63}},"26":{"start":{"line":142,"column":4},"end":{"line":142,"column":16}},"27":{"start":{"line":163,"column":4},"end":{"line":165,"column":5}},"28":{"start":{"line":164,"column":6},"end":{"line":164,"column":75}},"29":{"start":{"line":167,"column":32},"end":{"line":173,"column":10}},"30":{"start":{"line":174,"column":27},"end":{"line":174,"column":52}},"31":{"start":{"line":176,"column":21},"end":{"line":183,"column":54}},"32":{"start":{"line":184,"column":19},"end":{"line":184,"column":66}},"33":{"start":{"line":185,"column":17},"end":{"line":185,"column":31}},"34":{"start":{"line":187,"column":4},"end":{"line":187,"column":63}},"35":{"start":{"line":187,"column":15},"end":{"line":187,"column":63}},"36":{"start":{"line":189,"column":4},"end":{"line":189,"column":25}},"37":{"start":{"line":190,"column":4},"end":{"line":190,"column":16}},"38":{"start":{"line":196,"column":17},"end":{"line":202,"column":5}},"39":{"start":{"line":203,"column":17},"end":{"line":203,"column":31}},"40":{"start":{"line":205,"column":4},"end":{"line":205,"column":63}},"41":{"start":{"line":205,"column":15},"end":{"line":205,"column":63}},"42":{"start":{"line":210,"column":0},"end":{"line":210,"column":22}}},"fnMap":{"0":{"name":"(anonymous_0)","decl":{"start":{"line":24,"column":2},"end":{"line":24,"column":3}},"loc":{"start":{"line":24,"column":48},"end":{"line":50,"column":3}},"line":24},"1":{"name":"(anonymous_1)","decl":{"start":{"line":59,"column":2},"end":{"line":59,"column":3}},"loc":{"start":{"line":60,"column":67},"end":{"line":97,"column":3}},"line":60},"2":{"name":"(anonymous_2)","decl":{"start":{"line":104,"column":2},"end":{"line":104,"column":3}},"loc":{"start":{"line":104,"column":25},"end":{"line":116,"column":3}},"line":104},"3":{"name":"(anonymous_3)","decl":{"start":{"line":126,"column":2},"end":{"line":126,"column":3}},"loc":{"start":{"line":126,"column":29},"end":{"line":143,"column":3}},"line":126},"4":{"name":"(anonymous_4)","decl":{"start":{"line":162,"column":2},"end":{"line":162,"column":3}},"loc":{"start":{"line":162,"column":38},"end":{"line":191,"column":3}},"line":162},"5":{"name":"(anonymous_5)","decl":{"start":{"line":195,"column":2},"end":{"line":195,"column":3}},"loc":{"start":{"line":195,"column":32},"end":{"line":206,"column":3}},"line":195}},"branchMap":{"0":{"loc":{"start":{"line":40,"column":4},"end":{"line":47,"column":5}},"type":"if","locations":[{"start":{"line":40,"column":4},"end":{"line":47,"column":5}},{"start":{"line":40,"column":4},"end":{"line":47,"column":5}}],"line":40},"1":{"loc":{"start":{"line":43,"column":6},"end":{"line":46,"column":7}},"type":"if","locations":[{"start":{"line":43,"column":6},"end":{"line":46,"column":7}},{"start":{"line":43,"column":6},"end":{"line":46,"column":7}}],"line":43},"2":{"loc":{"start":{"line":68,"column":4},"end":{"line":70,"column":5}},"type":"if","locations":[{"start":{"line":68,"column":4},"end":{"line":70,"column":5}},{"start":{"line":68,"column":4},"end":{"line":70,"column":5}}],"line":68},"3":{"loc":{"start":{"line":140,"column":4},"end":{"line":140,"column":63}},"type":"if","locations":[{"start":{"line":140,"column":4},"end":{"line":140,"column":63}},{"start":{"line":140,"column":4},"end":{"line":140,"column":63}}],"line":140},"4":{"loc":{"start":{"line":163,"column":4},"end":{"line":165,"column":5}},"type":"if","locations":[{"start":{"line":163,"column":4},"end":{"line":165,"column":5}},{"start":{"line":163,"column":4},"end":{"line":165,"column":5}}],"line":163},"5":{"loc":{"start":{"line":187,"column":4},"end":{"line":187,"column":63}},"type":"if","locations":[{"start":{"line":187,"column":4},"end":{"line":187,"column":63}},{"start":{"line":187,"column":4},"end":{"line":187,"column":63}}],"line":187},"6":{"loc":{"start":{"line":205,"column":4},"end":{"line":205,"column":63}},"type":"if","locations":[{"start":{"line":205,"column":4},"end":{"line":205,"column":63}},{"start":{"line":205,"column":4},"end":{"line":205,"column":63}}],"line":205}},"s":{"0":5,"1":5,"2":5,"3":5,"4":5,"5":8,"6":8,"7":8,"8":5,"9":5,"10":4,"11":4,"12":4,"13":16,"14":16,"15":1,"16":15,"17":15,"18":15,"19":15,"20":3,"21":2,"22":5,"23":5,"24":5,"25":2,"26":3,"27":9,"28":3,"29":9,"30":8,"31":8,"32":8,"33":8,"34":8,"35":2,"36":6,"37":6,"38":5,"39":5,"40":5,"41":2,"42":5},"f":{"0":8,"1":16,"2":3,"3":5,"4":9,"5":5},"b":{"0":[5,3],"1":[4,1],"2":[1,15],"3":[2,3],"4":[3,6],"5":[2,6],"6":[2,3]},"_coverageSchema":"1a1c01bbd47fc00a2c39e90264f33305004495a9","hash":"961a3dadf7e08b1e7ec4d68baa43345e33f7ef53"}
,"/Users/lawnknee/Desktop/express-jobly/routes/_testCommon.js": {"path":"/Users/lawnknee/Desktop/express-jobly/routes/_testCommon.js","statementMap":{"0":{"start":{"line":3,"column":11},"end":{"line":3,"column":30}},"1":{"start":{"line":4,"column":13},"end":{"line":4,"column":38}},"2":{"start":{"line":5,"column":16},"end":{"line":5,"column":44}},"3":{"start":{"line":6,"column":24},"end":{"line":6,"column":52}},"4":{"start":{"line":10,"column":2},"end":{"line":10,"column":38}},"5":{"start":{"line":12,"column":2},"end":{"line":12,"column":42}},"6":{"start":{"line":14,"column":2},"end":{"line":20,"column":5}},"7":{"start":{"line":21,"column":2},"end":{"line":27,"column":5}},"8":{"start":{"line":28,"column":2},"end":{"line":34,"column":5}},"9":{"start":{"line":36,"column":2},"end":{"line":43,"column":5}},"10":{"start":{"line":44,"column":2},"end":{"line":51,"column":5}},"11":{"start":{"line":52,"column":2},"end":{"line":59,"column":5}},"12":{"start":{"line":63,"column":2},"end":{"line":63,"column":26}},"13":{"start":{"line":67,"column":2},"end":{"line":67,"column":29}},"14":{"start":{"line":71,"column":2},"end":{"line":71,"column":17}},"15":{"start":{"line":74,"column":16},"end":{"line":74,"column":63}},"16":{"start":{"line":75,"column":19},"end":{"line":75,"column":68}},"17":{"start":{"line":77,"column":0},"end":{"line":84,"column":2}}},"fnMap":{"0":{"name":"commonBeforeAll","decl":{"start":{"line":8,"column":15},"end":{"line":8,"column":30}},"loc":{"start":{"line":8,"column":33},"end":{"line":60,"column":1}},"line":8},"1":{"name":"commonBeforeEach","decl":{"start":{"line":62,"column":15},"end":{"line":62,"column":31}},"loc":{"start":{"line":62,"column":34},"end":{"line":64,"column":1}},"line":62},"2":{"name":"commonAfterEach","decl":{"start":{"line":66,"column":15},"end":{"line":66,"column":30}},"loc":{"start":{"line":66,"column":33},"end":{"line":68,"column":1}},"line":66},"3":{"name":"commonAfterAll","decl":{"start":{"line":70,"column":15},"end":{"line":70,"column":29}},"loc":{"start":{"line":70,"column":32},"end":{"line":72,"column":1}},"line":70}},"branchMap":{},"s":{"0":3,"1":3,"2":3,"3":3,"4":3,"5":3,"6":3,"7":3,"8":3,"9":3,"10":3,"11":3,"12":58,"13":58,"14":3,"15":3,"16":3,"17":3},"f":{"0":3,"1":58,"2":58,"3":3},"b":{},"_coverageSchema":"1a1c01bbd47fc00a2c39e90264f33305004495a9","hash":"3f8d945a99419c34dc9f0a2c910d32598af18673"}
,"/Users/lawnknee/Desktop/express-jobly/routes/auth.js": {"path":"/Users/lawnknee/Desktop/express-jobly/routes/auth.js","statementMap":{"0":{"start":{"line":5,"column":19},"end":{"line":5,"column":40}},"1":{"start":{"line":7,"column":13},"end":{"line":7,"column":38}},"2":{"start":{"line":8,"column":16},"end":{"line":8,"column":34}},"3":{"start":{"line":9,"column":15},"end":{"line":9,"column":35}},"4":{"start":{"line":10,"column":24},"end":{"line":10,"column":52}},"5":{"start":{"line":11,"column":23},"end":{"line":11,"column":58}},"6":{"start":{"line":12,"column":27},"end":{"line":12,"column":66}},"7":{"start":{"line":13,"column":28},"end":{"line":13,"column":54}},"8":{"start":{"line":22,"column":0},"end":{"line":33,"column":3}},"9":{"start":{"line":23,"column":20},"end":{"line":23,"column":65}},"10":{"start":{"line":24,"column":2},"end":{"line":27,"column":3}},"11":{"start":{"line":25,"column":17},"end":{"line":25,"column":51}},"12":{"start":{"line":25,"column":43},"end":{"line":25,"column":50}},"13":{"start":{"line":26,"column":4},"end":{"line":26,"column":36}},"14":{"start":{"line":29,"column":33},"end":{"line":29,"column":41}},"15":{"start":{"line":30,"column":15},"end":{"line":30,"column":58}},"16":{"start":{"line":31,"column":16},"end":{"line":31,"column":33}},"17":{"start":{"line":32,"column":2},"end":{"line":32,"column":29}},"18":{"start":{"line":45,"column":0},"end":{"line":55,"column":3}},"19":{"start":{"line":46,"column":20},"end":{"line":46,"column":69}},"20":{"start":{"line":47,"column":2},"end":{"line":50,"column":3}},"21":{"start":{"line":48,"column":17},"end":{"line":48,"column":51}},"22":{"start":{"line":48,"column":43},"end":{"line":48,"column":50}},"23":{"start":{"line":49,"column":4},"end":{"line":49,"column":36}},"24":{"start":{"line":52,"column":18},"end":{"line":52,"column":70}},"25":{"start":{"line":53,"column":16},"end":{"line":53,"column":36}},"26":{"start":{"line":54,"column":2},"end":{"line":54,"column":41}},"27":{"start":{"line":58,"column":0},"end":{"line":58,"column":24}}},"fnMap":{"0":{"name":"(anonymous_0)","decl":{"start":{"line":22,"column":22},"end":{"line":22,"column":23}},"loc":{"start":{"line":22,"column":54},"end":{"line":33,"column":1}},"line":22},"1":{"name":"(anonymous_1)","decl":{"start":{"line":25,"column":38},"end":{"line":25,"column":39}},"loc":{"start":{"line":25,"column":43},"end":{"line":25,"column":50}},"line":25},"2":{"name":"(anonymous_2)","decl":{"start":{"line":45,"column":25},"end":{"line":45,"column":26}},"loc":{"start":{"line":45,"column":57},"end":{"line":55,"column":1}},"line":45},"3":{"name":"(anonymous_3)","decl":{"start":{"line":48,"column":38},"end":{"line":48,"column":39}},"loc":{"start":{"line":48,"column":43},"end":{"line":48,"column":50}},"line":48}},"branchMap":{"0":{"loc":{"start":{"line":24,"column":2},"end":{"line":27,"column":3}},"type":"if","locations":[{"start":{"line":24,"column":2},"end":{"line":27,"column":3}},{"start":{"line":24,"column":2},"end":{"line":27,"column":3}}],"line":24},"1":{"loc":{"start":{"line":47,"column":2},"end":{"line":50,"column":3}},"type":"if","locations":[{"start":{"line":47,"column":2},"end":{"line":50,"column":3}},{"start":{"line":47,"column":2},"end":{"line":50,"column":3}}],"line":47}},"s":{"0":4,"1":4,"2":4,"3":4,"4":4,"5":4,"6":4,"7":4,"8":4,"9":5,"10":5,"11":2,"12":2,"13":2,"14":3,"15":3,"16":1,"17":1,"18":4,"19":3,"20":3,"21":2,"22":5,"23":2,"24":1,"25":1,"26":1,"27":4},"f":{"0":5,"1":2,"2":3,"3":5},"b":{"0":[2,3],"1":[2,1]},"_coverageSchema":"1a1c01bbd47fc00a2c39e90264f33305004495a9","hash":"c4f48bd99d963270b7f23ac314ab56467086345d"}
,"/Users/lawnknee/Desktop/express-jobly/routes/companies.js": {"path":"/Users/lawnknee/Desktop/express-jobly/routes/companies.js","statementMap":{"0":{"start":{"line":5,"column":19},"end":{"line":5,"column":40}},"1":{"start":{"line":6,"column":16},"end":{"line":6,"column":34}},"2":{"start":{"line":8,"column":28},"end":{"line":8,"column":54}},"3":{"start":{"line":9,"column":42},"end":{"line":9,"column":71}},"4":{"start":{"line":10,"column":16},"end":{"line":10,"column":44}},"5":{"start":{"line":12,"column":25},"end":{"line":12,"column":62}},"6":{"start":{"line":13,"column":28},"end":{"line":13,"column":68}},"7":{"start":{"line":14,"column":31},"end":{"line":14,"column":74}},"8":{"start":{"line":16,"column":15},"end":{"line":16,"column":35}},"9":{"start":{"line":27,"column":0},"end":{"line":41,"column":2}},"10":{"start":{"line":32,"column":22},"end":{"line":32,"column":69}},"11":{"start":{"line":33,"column":4},"end":{"line":36,"column":5}},"12":{"start":{"line":34,"column":19},"end":{"line":34,"column":55}},"13":{"start":{"line":34,"column":47},"end":{"line":34,"column":54}},"14":{"start":{"line":35,"column":6},"end":{"line":35,"column":38}},"15":{"start":{"line":38,"column":20},"end":{"line":38,"column":50}},"16":{"start":{"line":39,"column":4},"end":{"line":39,"column":45}},"17":{"start":{"line":54,"column":0},"end":{"line":74,"column":3}},"18":{"start":{"line":55,"column":16},"end":{"line":55,"column":25}},"19":{"start":{"line":57,"column":2},"end":{"line":59,"column":3}},"20":{"start":{"line":58,"column":4},"end":{"line":58,"column":52}},"21":{"start":{"line":61,"column":2},"end":{"line":63,"column":3}},"22":{"start":{"line":62,"column":4},"end":{"line":62,"column":52}},"23":{"start":{"line":65,"column":17},"end":{"line":65,"column":67}},"24":{"start":{"line":67,"column":2},"end":{"line":70,"column":3}},"25":{"start":{"line":68,"column":15},"end":{"line":68,"column":52}},"26":{"start":{"line":68,"column":42},"end":{"line":68,"column":51}},"27":{"start":{"line":69,"column":4},"end":{"line":69,"column":36}},"28":{"start":{"line":72,"column":20},"end":{"line":72,"column":48}},"29":{"start":{"line":73,"column":2},"end":{"line":73,"column":33}},"30":{"start":{"line":84,"column":0},"end":{"line":87,"column":3}},"31":{"start":{"line":85,"column":18},"end":{"line":85,"column":54}},"32":{"start":{"line":86,"column":2},"end":{"line":86,"column":31}},"33":{"start":{"line":100,"column":0},"end":{"line":114,"column":2}},"34":{"start":{"line":105,"column":22},"end":{"line":105,"column":72}},"35":{"start":{"line":106,"column":4},"end":{"line":109,"column":5}},"36":{"start":{"line":107,"column":19},"end":{"line":107,"column":55}},"37":{"start":{"line":107,"column":47},"end":{"line":107,"column":54}},"38":{"start":{"line":108,"column":6},"end":{"line":108,"column":38}},"39":{"start":{"line":111,"column":20},"end":{"line":111,"column":69}},"40":{"start":{"line":112,"column":4},"end":{"line":112,"column":33}},"41":{"start":{"line":121,"column":0},"end":{"line":129,"column":2}},"42":{"start":{"line":126,"column":4},"end":{"line":126,"column":44}},"43":{"start":{"line":127,"column":4},"end":{"line":127,"column":52}},"44":{"start":{"line":131,"column":0},"end":{"line":131,"column":24}}},"fnMap":{"0":{"name":"(anonymous_0)","decl":{"start":{"line":31,"column":2},"end":{"line":31,"column":3}},"loc":{"start":{"line":31,"column":34},"end":{"line":40,"column":3}},"line":31},"1":{"name":"(anonymous_1)","decl":{"start":{"line":34,"column":40},"end":{"line":34,"column":41}},"loc":{"start":{"line":34,"column":47},"end":{"line":34,"column":54}},"line":34},"2":{"name":"(anonymous_2)","decl":{"start":{"line":54,"column":16},"end":{"line":54,"column":17}},"loc":{"start":{"line":54,"column":48},"end":{"line":74,"column":1}},"line":54},"3":{"name":"(anonymous_3)","decl":{"start":{"line":68,"column":33},"end":{"line":68,"column":34}},"loc":{"start":{"line":68,"column":42},"end":{"line":68,"column":51}},"line":68},"4":{"name":"(anonymous_4)","decl":{"start":{"line":84,"column":23},"end":{"line":84,"column":24}},"loc":{"start":{"line":84,"column":55},"end":{"line":87,"column":1}},"line":84},"5":{"name":"(anonymous_5)","decl":{"start":{"line":104,"column":2},"end":{"line":104,"column":3}},"loc":{"start":{"line":104,"column":34},"end":{"line":113,"column":3}},"line":104},"6":{"name":"(anonymous_6)","decl":{"start":{"line":107,"column":40},"end":{"line":107,"column":41}},"loc":{"start":{"line":107,"column":47},"end":{"line":107,"column":54}},"line":107},"7":{"name":"(anonymous_7)","decl":{"start":{"line":125,"column":2},"end":{"line":125,"column":3}},"loc":{"start":{"line":125,"column":34},"end":{"line":128,"column":3}},"line":125}},"branchMap":{"0":{"loc":{"start":{"line":33,"column":4},"end":{"line":36,"column":5}},"type":"if","locations":[{"start":{"line":33,"column":4},"end":{"line":36,"column":5}},{"start":{"line":33,"column":4},"end":{"line":36,"column":5}}],"line":33},"1":{"loc":{"start":{"line":57,"column":2},"end":{"line":59,"column":3}},"type":"if","locations":[{"start":{"line":57,"column":2},"end":{"line":59,"column":3}},{"start":{"line":57,"column":2},"end":{"line":59,"column":3}}],"line":57},"2":{"loc":{"start":{"line":61,"column":2},"end":{"line":63,"column":3}},"type":"if","locations":[{"start":{"line":61,"column":2},"end":{"line":63,"column":3}},{"start":{"line":61,"column":2},"end":{"line":63,"column":3}}],"line":61},"3":{"loc":{"start":{"line":67,"column":2},"end":{"line":70,"column":3}},"type":"if","locations":[{"start":{"line":67,"column":2},"end":{"line":70,"column":3}},{"start":{"line":67,"column":2},"end":{"line":70,"column":3}}],"line":67},"4":{"loc":{"start":{"line":106,"column":4},"end":{"line":109,"column":5}},"type":"if","locations":[{"start":{"line":106,"column":4},"end":{"line":109,"column":5}},{"start":{"line":106,"column":4},"end":{"line":109,"column":5}}],"line":106}},"s":{"0":4,"1":4,"2":4,"3":4,"4":4,"5":4,"6":4,"7":4,"8":4,"9":4,"10":3,"11":3,"12":2,"13":3,"14":2,"15":1,"16":1,"17":4,"18":4,"19":4,"20":2,"21":4,"22":2,"23":4,"24":4,"25":1,"26":2,"27":1,"28":3,"29":2,"30":4,"31":3,"32":2,"33":4,"34":4,"35":4,"36":2,"37":2,"38":2,"39":2,"40":1,"41":4,"42":2,"43":1,"44":4},"f":{"0":3,"1":3,"2":4,"3":2,"4":3,"5":4,"6":2,"7":2},"b":{"0":[2,1],"1":[2,2],"2":[2,2],"3":[1,3],"4":[2,2]},"_coverageSchema":"1a1c01bbd47fc00a2c39e90264f33305004495a9","hash":"6fb54672b976237dbc0a62a849b241e23e644d44"}
,"/Users/lawnknee/Desktop/express-jobly/routes/users.js": {"path":"/Users/lawnknee/Desktop/express-jobly/routes/users.js","statementMap":{"0":{"start":{"line":5,"column":19},"end":{"line":5,"column":40}},"1":{"start":{"line":7,"column":16},"end":{"line":7,"column":34}},"2":{"start":{"line":12,"column":4},"end":{"line":12,"column":33}},"3":{"start":{"line":13,"column":44},"end":{"line":13,"column":70}},"4":{"start":{"line":14,"column":13},"end":{"line":14,"column":38}},"5":{"start":{"line":15,"column":24},"end":{"line":15,"column":52}},"6":{"start":{"line":16,"column":22},"end":{"line":16,"column":56}},"7":{"start":{"line":17,"column":25},"end":{"line":17,"column":62}},"8":{"start":{"line":19,"column":15},"end":{"line":19,"column":31}},"9":{"start":{"line":33,"column":0},"end":{"line":48,"column":2}},"10":{"start":{"line":38,"column":22},"end":{"line":38,"column":66}},"11":{"start":{"line":39,"column":4},"end":{"line":42,"column":5}},"12":{"start":{"line":40,"column":19},"end":{"line":40,"column":55}},"13":{"start":{"line":40,"column":47},"end":{"line":40,"column":54}},"14":{"start":{"line":41,"column":6},"end":{"line":41,"column":38}},"15":{"start":{"line":44,"column":17},"end":{"line":44,"column":46}},"16":{"start":{"line":45,"column":18},"end":{"line":45,"column":35}},"17":{"start":{"line":46,"column":4},"end":{"line":46,"column":49}},"18":{"start":{"line":57,"column":0},"end":{"line":60,"column":3}},"19":{"start":{"line":58,"column":16},"end":{"line":58,"column":36}},"20":{"start":{"line":59,"column":2},"end":{"line":59,"column":29}},"21":{"start":{"line":69,"column":0},"end":{"line":77,"column":2}},"22":{"start":{"line":74,"column":17},"end":{"line":74,"column":52}},"23":{"start":{"line":75,"column":4},"end":{"line":75,"column":30}},"24":{"start":{"line":89,"column":0},"end":{"line":103,"column":2}},"25":{"start":{"line":94,"column":22},"end":{"line":94,"column":69}},"26":{"start":{"line":95,"column":4},"end":{"line":98,"column":5}},"27":{"start":{"line":96,"column":19},"end":{"line":96,"column":55}},"28":{"start":{"line":96,"column":47},"end":{"line":96,"column":54}},"29":{"start":{"line":97,"column":6},"end":{"line":97,"column":38}},"30":{"start":{"line":100,"column":17},"end":{"line":100,"column":65}},"31":{"start":{"line":101,"column":4},"end":{"line":101,"column":30}},"32":{"start":{"line":110,"column":0},"end":{"line":118,"column":2}},"33":{"start":{"line":115,"column":4},"end":{"line":115,"column":43}},"34":{"start":{"line":116,"column":4},"end":{"line":116,"column":54}},"35":{"start":{"line":120,"column":0},"end":{"line":120,"column":24}}},"fnMap":{"0":{"name":"(anonymous_0)","decl":{"start":{"line":37,"column":2},"end":{"line":37,"column":3}},"loc":{"start":{"line":37,"column":34},"end":{"line":47,"column":3}},"line":37},"1":{"name":"(anonymous_1)","decl":{"start":{"line":40,"column":40},"end":{"line":40,"column":41}},"loc":{"start":{"line":40,"column":47},"end":{"line":40,"column":54}},"line":40},"2":{"name":"(anonymous_2)","decl":{"start":{"line":57,"column":47},"end":{"line":57,"column":48}},"loc":{"start":{"line":57,"column":79},"end":{"line":60,"column":1}},"line":57},"3":{"name":"(anonymous_3)","decl":{"start":{"line":73,"column":2},"end":{"line":73,"column":3}},"loc":{"start":{"line":73,"column":34},"end":{"line":76,"column":3}},"line":73},"4":{"name":"(anonymous_4)","decl":{"start":{"line":93,"column":2},"end":{"line":93,"column":3}},"loc":{"start":{"line":93,"column":34},"end":{"line":102,"column":3}},"line":93},"5":{"name":"(anonymous_5)","decl":{"start":{"line":96,"column":40},"end":{"line":96,"column":41}},"loc":{"start":{"line":96,"column":47},"end":{"line":96,"column":54}},"line":96},"6":{"name":"(anonymous_6)","decl":{"start":{"line":114,"column":2},"end":{"line":114,"column":3}},"loc":{"start":{"line":114,"column":34},"end":{"line":117,"column":3}},"line":114}},"branchMap":{"0":{"loc":{"start":{"line":39,"column":4},"end":{"line":42,"column":5}},"type":"if","locations":[{"start":{"line":39,"column":4},"end":{"line":42,"column":5}},{"start":{"line":39,"column":4},"end":{"line":42,"column":5}}],"line":39},"1":{"loc":{"start":{"line":95,"column":4},"end":{"line":98,"column":5}},"type":"if","locations":[{"start":{"line":95,"column":4},"end":{"line":98,"column":5}},{"start":{"line":95,"column":4},"end":{"line":98,"column":5}}],"line":95}},"s":{"0":4,"1":4,"2":4,"3":4,"4":4,"5":4,"6":4,"7":4,"8":4,"9":4,"10":4,"11":4,"12":2,"13":5,"14":2,"15":2,"16":2,"17":2,"18":4,"19":2,"20":1,"21":4,"22":3,"23":2,"24":4,"25":7,"26":7,"27":2,"28":2,"29":2,"30":5,"31":4,"32":4,"33":3,"34":2,"35":4},"f":{"0":4,"1":5,"2":2,"3":3,"4":7,"5":2,"6":3},"b":{"0":[2,2],"1":[2,5]},"_coverageSchema":"1a1c01bbd47fc00a2c39e90264f33305004495a9","hash":"3c8104f26aeff26aea66317a931840ec95d398b0"}
}
