TN:
SF:app.js
FN:31,(anonymous_0)
FN:36,(anonymous_1)
FNF:2
FNH:2
FNDA:2,(anonymous_0)
FNDA:54,(anonymous_1)
DA:5,5
DA:6,5
DA:8,5
DA:10,5
DA:11,5
DA:12,5
DA:13,5
DA:14,5
DA:16,5
DA:18,5
DA:20,5
DA:21,5
DA:22,5
DA:23,5
DA:25,5
DA:26,5
DA:27,5
DA:28,5
DA:31,5
DA:32,2
DA:36,5
DA:37,54
DA:38,54
DA:39,54
DA:41,54
DA:46,5
LF:26
LH:26
BRDA:37,0,0,1
BRDA:37,0,1,53
BRDA:38,1,0,54
BRDA:38,1,1,3
BRF:4
BRH:4
end_of_record
TN:
SF:config.js
FN:13,getDatabaseUri
FNF:1
FNH:1
FNDA:22,getDatabaseUri
DA:5,11
DA:6,11
DA:8,11
DA:10,11
DA:14,22
DA:22,11
DA:24,11
DA:25,11
DA:26,11
DA:27,11
DA:28,11
DA:29,11
DA:31,11
LF:13
LH:13
BRDA:8,0,0,11
BRDA:8,0,1,10
BRDA:10,1,0,11
BRDA:10,1,1,10
BRDA:14,2,0,19
BRDA:14,2,1,3
BRDA:16,3,0,3
BRDA:16,3,1,1
BRDA:22,4,0,10
BRDA:22,4,1,1
BRF:10
BRH:10
end_of_record
TN:
SF:db.js
FNF:0
FNH:0
DA:5,8
DA:6,8
DA:8,8
DA:12,8
DA:14,8
LF:5
LH:5
BRF:0
BRH:0
end_of_record
TN:
SF:expressError.js
FN:8,(anonymous_0)
FN:18,(anonymous_1)
FN:26,(anonymous_2)
FN:34,(anonymous_3)
FN:42,(anonymous_4)
FNF:5
FNH:5
FNDA:70,(anonymous_0)
FNDA:19,(anonymous_1)
FNDA:15,(anonymous_2)
FNDA:25,(anonymous_3)
FNDA:11,(anonymous_4)
DA:9,70
DA:10,70
DA:11,70
DA:19,19
DA:27,15
DA:35,25
DA:43,11
DA:47,10
LF:8
LH:8
BRDA:18,0,0,2
BRDA:26,1,0,11
BRDA:42,2,0,11
BRF:3
BRH:3
end_of_record
TN:
SF:helpers/sql.js
FN:19,sqlForPartialUpdate
FN:25,(anonymous_1)
FNF:2
FNH:2
FNDA:21,sqlForPartialUpdate
FNDA:34,(anonymous_1)
DA:1,9
DA:20,21
DA:21,21
DA:24,17
DA:25,34
DA:28,17
DA:34,9
LF:7
LH:7
BRDA:21,0,0,4
BRDA:21,0,1,17
BRDA:25,1,0,34
BRDA:25,1,1,20
BRF:4
BRH:4
end_of_record
TN:
SF:helpers/tokens.js
FN:6,createToken
FNF:1
FNH:1
FNDA:15,createToken
DA:1,6
DA:2,6
DA:7,15
DA:10,15
DA:15,15
DA:18,6
LF:6
LH:6
BRDA:12,0,0,15
BRDA:12,0,1,9
BRF:2
BRH:2
end_of_record
TN:
SF:middleware/auth.js
FN:17,authenticateJWT
FN:35,ensureLoggedIn
FN:49,ensureIsAdmin
FN:63,ensureIsAdminOrEndpointUser
FNF:4
FNH:4
FNDA:84,authenticateJWT
FNDA:6,ensureLoggedIn
FNDA:37,ensureIsAdmin
FNDA:19,ensureIsAdminOrEndpointUser
DA:5,6
DA:6,6
DA:7,6
DA:18,84
DA:19,84
DA:20,84
DA:21,53
DA:22,53
DA:24,83
DA:26,1
DA:36,6
DA:37,6
DA:38,4
DA:40,2
DA:50,37
DA:52,31
DA:54,23
DA:64,19
DA:66,16
DA:67,16
DA:68,3
DA:71,13
DA:75,6
LF:23
LH:23
BRDA:19,0,0,84
BRDA:19,0,1,83
BRDA:20,1,0,53
BRDA:20,1,1,31
BRDA:37,2,0,2
BRDA:37,2,1,4
BRDA:50,3,0,6
BRDA:50,3,1,31
BRDA:52,4,0,8
BRDA:52,4,1,23
BRDA:64,5,0,3
BRDA:64,5,1,16
BRDA:67,6,0,3
BRDA:67,6,1,13
BRDA:67,7,0,16
BRDA:67,7,1,11
BRF:16
BRH:16
end_of_record
TN:
SF:models/_testCommon.js
FN:8,commonBeforeAll
FN:44,commonBeforeEach
FN:48,commonAfterEach
FN:52,commonAfterAll
FNF:4
FNH:4
FNDA:3,commonBeforeAll
FNDA:44,commonBeforeEach
FNDA:44,commonAfterEach
FNDA:3,commonAfterAll
DA:1,3
DA:3,3
DA:4,3
DA:6,3
DA:10,3
DA:12,3
DA:14,3
DA:20,3
DA:34,3
DA:40,3
DA:41,3
DA:45,44
DA:49,44
DA:53,3
DA:56,3
LF:15
LH:15
BRF:0
BRH:0
end_of_record
TN:
SF:models/company.js
FN:19,(anonymous_0)
FN:58,(anonymous_1)
FN:92,(anonymous_2)
FN:130,(anonymous_3)
FN:174,(anonymous_4)
FN:199,(anonymous_5)
FNF:6
FNH:6
FNDA:16,(anonymous_0)
FNDA:7,(anonymous_1)
FNDA:7,(anonymous_2)
FNDA:5,(anonymous_3)
FNDA:6,(anonymous_4)
FNDA:4,(anonymous_5)
DA:3,6
DA:4,6
DA:5,6
DA:20,16
DA:27,16
DA:28,1
DA:30,15
DA:42,15
DA:44,15
DA:59,7
DA:61,7
DA:67,6
DA:78,5
DA:94,7
DA:95,1
DA:100,6
DA:101,6
DA:103,6
DA:104,2
DA:105,2
DA:107,6
DA:108,2
DA:109,2
DA:111,6
DA:112,2
DA:113,2
DA:117,6
DA:119,6
DA:131,5
DA:142,5
DA:144,5
DA:146,3
DA:157,3
DA:159,3
DA:175,6
DA:179,5
DA:181,5
DA:186,5
DA:187,5
DA:189,5
DA:191,3
DA:200,4
DA:207,4
DA:209,4
DA:213,6
LF:45
LH:45
BRDA:27,0,0,1
BRDA:27,0,1,15
BRDA:58,1,0,1
BRDA:94,2,0,1
BRDA:94,2,1,6
BRDA:94,3,0,7
BRDA:94,3,1,3
BRDA:94,3,2,3
BRDA:103,4,0,2
BRDA:103,4,1,4
BRDA:107,5,0,2
BRDA:107,5,1,4
BRDA:111,6,0,2
BRDA:111,6,1,4
BRDA:117,7,0,3
BRDA:117,7,1,3
BRDA:144,8,0,2
BRDA:144,8,1,3
BRDA:189,9,0,2
BRDA:189,9,1,3
BRDA:209,10,0,2
BRDA:209,10,1,2
BRF:22
BRH:22
end_of_record
TN:
SF:models/job.js
FN:18,(anonymous_0)
FN:46,(anonymous_1)
FN:80,(anonymous_2)
FN:113,(anonymous_3)
FN:144,(anonymous_4)
FN:173,(anonymous_5)
FNF:6
FNH:6
FNDA:10,(anonymous_0)
FNDA:8,(anonymous_1)
FNDA:10,(anonymous_2)
FNDA:5,(anonymous_3)
FNDA:4,(anonymous_4)
FNDA:4,(anonymous_5)
DA:3,6
DA:4,6
DA:5,6
DA:19,10
DA:30,10
DA:32,10
DA:47,8
DA:48,8
DA:54,8
DA:65,7
DA:81,10
DA:82,3
DA:85,7
DA:86,7
DA:88,7
DA:89,5
DA:90,5
DA:92,7
DA:93,5
DA:94,5
DA:96,7
DA:97,5
DA:98,5
DA:101,7
DA:103,7
DA:114,5
DA:125,5
DA:127,5
DA:129,3
DA:145,4
DA:148,3
DA:150,3
DA:160,3
DA:161,3
DA:163,3
DA:165,2
DA:174,4
DA:181,4
DA:183,4
DA:188,6
LF:40
LH:40
BRDA:46,0,0,1
BRDA:81,1,0,3
BRDA:81,1,1,7
BRDA:81,2,0,10
BRDA:81,2,1,5
BRDA:81,2,2,4
BRDA:88,3,0,5
BRDA:88,3,1,2
BRDA:92,4,0,5
BRDA:92,4,1,2
BRDA:96,5,0,5
BRDA:96,5,1,2
BRDA:127,6,0,2
BRDA:127,6,1,3
BRDA:163,7,0,1
BRDA:163,7,1,2
BRDA:183,8,0,2
BRDA:183,8,1,2
BRF:18
BRH:18
end_of_record
TN:
SF:models/user.js
FN:24,(anonymous_0)
FN:59,(anonymous_1)
FN:104,(anonymous_2)
FN:126,(anonymous_3)
FN:162,(anonymous_4)
FN:195,(anonymous_5)
FNF:6
FNH:6
FNDA:8,(anonymous_0)
FNDA:19,(anonymous_1)
FNDA:3,(anonymous_2)
FNDA:5,(anonymous_3)
FNDA:9,(anonymous_4)
FNDA:5,(anonymous_5)
DA:3,6
DA:4,6
DA:5,6
DA:10,6
DA:12,6
DA:26,8
DA:38,8
DA:40,8
DA:42,5
DA:43,5
DA:44,4
DA:45,4
DA:49,4
DA:61,19
DA:68,19
DA:69,1
DA:72,18
DA:74,18
DA:94,18
DA:96,18
DA:105,3
DA:115,2
DA:127,5
DA:138,5
DA:140,5
DA:142,3
DA:163,9
DA:164,3
DA:167,9
DA:174,8
DA:176,8
DA:184,8
DA:185,8
DA:187,8
DA:189,6
DA:190,6
DA:196,5
DA:203,5
DA:205,5
DA:210,6
LF:40
LH:40
BRDA:40,0,0,5
BRDA:40,0,1,3
BRDA:43,1,0,4
BRDA:43,1,1,1
BRDA:68,2,0,1
BRDA:68,2,1,18
BRDA:140,3,0,2
BRDA:140,3,1,3
BRDA:163,4,0,3
BRDA:163,4,1,6
BRDA:187,5,0,2
BRDA:187,5,1,6
BRDA:205,6,0,2
BRDA:205,6,1,3
BRF:14
BRH:14
end_of_record
TN:
SF:routes/_testCommon.js
FN:11,commonBeforeAll
FN:80,commonBeforeEach
FN:84,commonAfterEach
FN:88,commonAfterAll
FNF:4
FNH:4
FNDA:4,commonBeforeAll
FNDA:79,commonBeforeEach
FNDA:79,commonAfterEach
FNDA:4,commonAfterAll
DA:3,4
DA:4,4
DA:5,4
DA:6,4
DA:7,4
DA:9,4
DA:13,4
DA:15,4
DA:17,4
DA:24,4
DA:31,4
DA:39,4
DA:47,4
DA:55,4
DA:63,4
DA:69,4
DA:71,4
DA:77,4
DA:81,79
DA:85,79
DA:89,4
DA:92,4
DA:93,4
DA:95,4
LF:24
LH:24
BRF:0
BRH:0
end_of_record
TN:
SF:routes/auth.js
FN:22,(anonymous_0)
FN:26,(anonymous_1)
FN:46,(anonymous_2)
FN:49,(anonymous_3)
FNF:4
FNH:4
FNDA:5,(anonymous_0)
FNDA:2,(anonymous_1)
FNDA:3,(anonymous_2)
FNDA:5,(anonymous_3)
DA:5,5
DA:7,5
DA:8,5
DA:9,5
DA:10,5
DA:11,5
DA:12,5
DA:13,5
DA:22,5
DA:23,5
DA:24,5
DA:25,5
DA:26,2
DA:27,2
DA:30,3
DA:31,3
DA:32,1
DA:33,1
DA:46,5
DA:47,3
DA:48,3
DA:49,5
DA:50,2
DA:53,1
DA:54,1
DA:55,1
DA:59,5
LF:27
LH:27
BRDA:25,0,0,2
BRDA:25,0,1,3
BRDA:48,1,0,2
BRDA:48,1,1,1
BRF:4
BRH:4
end_of_record
TN:
SF:routes/companies.js
FN:30,(anonymous_0)
FN:33,(anonymous_1)
FN:53,(anonymous_2)
FN:67,(anonymous_3)
FN:83,(anonymous_4)
FN:102,(anonymous_5)
FN:105,(anonymous_6)
FN:122,(anonymous_7)
FNF:8
FNH:8
FNDA:3,(anonymous_0)
FNDA:3,(anonymous_1)
FNDA:4,(anonymous_2)
FNDA:2,(anonymous_3)
FNDA:3,(anonymous_4)
FNDA:4,(anonymous_5)
FNDA:2,(anonymous_6)
FNDA:2,(anonymous_7)
DA:5,5
DA:6,5
DA:8,5
DA:9,5
DA:10,5
DA:12,5
DA:13,5
DA:14,5
DA:16,5
DA:27,5
DA:31,3
DA:32,3
DA:33,3
DA:34,2
DA:37,1
DA:38,1
DA:53,5
DA:54,4
DA:56,4
DA:57,2
DA:60,4
DA:61,2
DA:64,4
DA:66,4
DA:67,2
DA:68,1
DA:71,3
DA:72,2
DA:83,5
DA:84,3
DA:85,2
DA:99,5
DA:103,4
DA:104,4
DA:105,2
DA:106,2
DA:109,2
DA:110,1
DA:119,5
DA:123,2
DA:124,1
DA:128,5
LF:42
LH:42
BRDA:32,0,0,2
BRDA:32,0,1,1
BRDA:56,1,0,2
BRDA:56,1,1,2
BRDA:60,2,0,2
BRDA:60,2,1,2
BRDA:66,3,0,1
BRDA:66,3,1,3
BRDA:104,4,0,2
BRDA:104,4,1,2
BRF:10
BRH:10
end_of_record
TN:
SF:routes/jobs.js
FN:30,(anonymous_0)
FN:33,(anonymous_1)
FN:52,(anonymous_2)
FN:66,(anonymous_3)
FN:82,(anonymous_4)
FN:101,(anonymous_5)
FN:104,(anonymous_6)
FN:121,(anonymous_7)
FNF:8
FNH:8
FNDA:3,(anonymous_0)
FNDA:5,(anonymous_1)
FNDA:4,(anonymous_2)
FNDA:2,(anonymous_3)
FNDA:3,(anonymous_4)
FNDA:3,(anonymous_5)
FNDA:2,(anonymous_6)
FNDA:2,(anonymous_7)
DA:5,5
DA:6,5
DA:8,5
DA:9,5
DA:10,5
DA:12,5
DA:13,5
DA:14,5
DA:16,5
DA:27,5
DA:31,3
DA:32,3
DA:33,5
DA:34,2
DA:37,1
DA:38,1
DA:52,5
DA:53,4
DA:55,4
DA:56,2
DA:59,4
DA:60,2
DA:63,4
DA:65,4
DA:66,2
DA:67,1
DA:70,3
DA:71,2
DA:82,5
DA:83,3
DA:84,2
DA:98,5
DA:102,3
DA:103,3
DA:104,2
DA:105,2
DA:108,1
DA:109,1
DA:118,5
DA:122,2
DA:123,1
DA:127,5
LF:42
LH:42
BRDA:32,0,0,2
BRDA:32,0,1,1
BRDA:55,1,0,2
BRDA:55,1,1,2
BRDA:59,2,0,2
BRDA:59,2,1,2
BRDA:65,3,0,1
BRDA:65,3,1,3
BRDA:103,4,0,2
BRDA:103,4,1,1
BRF:10
BRH:10
end_of_record
TN:
SF:routes/users.js
FN:36,(anonymous_0)
FN:39,(anonymous_1)
FN:56,(anonymous_2)
FN:71,(anonymous_3)
FN:90,(anonymous_4)
FN:93,(anonymous_5)
FN:110,(anonymous_6)
FNF:7
FNH:7
FNDA:4,(anonymous_0)
FNDA:5,(anonymous_1)
FNDA:2,(anonymous_2)
FNDA:3,(anonymous_3)
FNDA:7,(anonymous_4)
FNDA:2,(anonymous_5)
FNDA:3,(anonymous_6)
DA:5,5
DA:7,5
DA:12,5
DA:13,5
DA:14,5
DA:15,5
DA:16,5
DA:17,5
DA:19,5
DA:33,5
DA:37,4
DA:38,4
DA:39,5
DA:40,2
DA:43,2
DA:44,2
DA:45,2
DA:56,5
DA:57,2
DA:58,1
DA:68,5
DA:72,3
DA:73,2
DA:87,5
DA:91,7
DA:92,7
DA:93,2
DA:94,2
DA:97,5
DA:98,4
DA:107,5
DA:111,3
DA:112,2
DA:116,5
LF:34
LH:34
BRDA:38,0,0,2
BRDA:38,0,1,2
BRDA:92,1,0,2
BRDA:92,1,1,5
BRF:4
BRH:4
end_of_record
